{"meta": {"format": 3, "version": "7.14.2", "timestamp": "2026-08-14T10:08:21.184584", "branch_coverage": false, "show_contexts": false}, "files": {"asteri/__init__.py": {"executed_lines": [], "summary": {"covered_lines": 0, "num_statements": 0, "percent_covered": 100.0, "percent_covered_display": "100", "missing_lines": 0, "excluded_lines": 0, "percent_statements_covered": 100.0, "percent_statements_covered_display": "100"}, "missing_lines": [], "excluded_lines": [], "functions": {"": {"executed_lines": [], "summary": {"covered_lines": 0, "num_statements": 0, "percent_covered": 100.0, "percent_covered_display": "100", "missing_lines": 0, "excluded_lines": 0, "percent_statements_covered": 100.0, "percent_statements_covered_display": "100"}, "missing_lines": [], "excluded_lines": [], "start_line": 1}}, "classes": {"": {"executed_lines": [], "summary": {"covered_lines": 0, "num_statements": 0, "percent_covered": 100.0, "percent_covered_display": "100", "missing_lines": 0, "excluded_lines": 0, "percent_statements_covered": 100.0, "percent_statements_covered_display": "100"}, "missing_lines": [], "excluded_lines": [], "start_line": 1}}}, "asteri/__main__.py": {"executed_lines": [1, 2, 3, 4, 5, 6, 7, 8, 9, 11, 12, 13, 14, 15, 16, 17, 18, 19, 28, 30, 31, 32, 33, 34, 35, 36, 39, 42, 43, 45, 53, 57, 58, 59, 62, 65, 70, 71, 73, 79, 82, 90, 91, 94, 101, 104, 107, 113, 116, 119, 122, 125, 130, 131, 132, 133, 134, 137, 138, 141, 144, 149, 150, 151, 153, 158, 163, 166, 167, 170, 171, 173, 176, 178, 181, 186, 191, 197, 200, 203, 206, 208, 211, 215, 216, 217, 218, 222, 223, 228, 231, 234, 235, 239, 240, 241, 244, 294, 295, 296, 297, 298, 299, 300, 303, 304, 305, 306, 309, 310, 311, 312, 313, 314, 317, 318, 319, 322, 323, 324, 325, 326, 329, 330, 331, 332, 335, 339, 340, 341, 342, 344, 345, 346, 350, 352, 353, 354, 355, 356, 357, 359, 360, 363, 364, 365, 367, 376, 377, 378, 379, 381, 382, 383, 386, 387, 388, 391, 395, 434, 437, 438, 439, 440, 441, 442, 443, 446, 447], "summary": {"covered_lines": 169, "num_statements": 169, "percent_covered": 100.0, "percent_covered_display": "100", "missing_lines": 0, "excluded_lines": 0, "percent_statements_covered": 100.0, "percent_statements_covered_display": "100"}, "missing_lines": [], "excluded_lines": [], "functions": {"import_app": {"executed_lines": [30, 31, 32, 33, 34, 35, 36, 39], "summary": {"covered_lines": 8, "num_statements": 8, "percent_covered": 100.0, "percent_covered_display": "100", "missing_lines": 0, "excluded_lines": 0, "percent_statements_covered": 100.0, "percent_statements_covered_display": "100"}, "missing_lines": [], "excluded_lines": [], "start_line": 28}, "main": {"executed_lines": [43, 45, 53, 57, 58, 59, 62, 65, 70, 71, 73, 79, 82, 90, 91, 94, 101, 104, 107, 113, 116, 119, 122, 125, 130, 131, 132, 133, 134, 137, 138, 141, 144, 149, 150, 151, 153, 158, 163, 166, 167, 170, 171, 173, 176, 178, 181, 186, 191, 197, 200, 203, 206, 208, 211, 215, 216, 217, 218, 222, 223, 228, 231, 234, 235, 239, 240, 241, 244, 294, 295, 296, 297, 298, 299, 300, 303, 304, 305, 306, 309, 310, 311, 312, 313, 314, 317, 318, 319, 322, 323, 324, 325, 326, 329, 330, 331, 332, 335, 339, 340, 341, 342, 344, 345, 346, 350, 352, 353, 354, 355, 356, 357, 359, 360, 363, 364, 365, 367, 376, 377, 378, 379, 381, 382, 383, 386, 387, 388, 391, 395, 434, 437, 438, 439, 440, 441, 442, 443], "summary": {"covered_lines": 139, "num_statements": 139, "percent_covered": 100.0, "percent_covered_display": "100", "missing_lines": 0, "excluded_lines": 0, "percent_statements_covered": 100.0, "percent_statements_covered_display": "100"}, "missing_lines": [], "excluded_lines": [], "start_line": 42}, "": {"executed_lines": [1, 2, 3, 4, 5, 6, 7, 8, 9, 11, 12, 13, 14, 15, 16, 17, 18, 19, 28, 42, 446, 447], "summary": {"covered_lines": 22, "num_statements": 22, "percent_covered": 100.0, "percent_covered_display": "100", "missing_lines": 0, "excluded_lines": 0, "percent_statements_covered": 100.0, "percent_statements_covered_display": "100"}, "missing_lines": [], "excluded_lines": [], "start_line": 1}}, "classes": {"": {"executed_lines": [1, 2, 3, 4, 5, 6, 7, 8, 9, 11, 12, 13, 14, 15, 16, 17, 18, 19, 28, 30, 31, 32, 33, 34, 35, 36, 39, 42, 43, 45, 53, 57, 58, 59, 62, 65, 70, 71, 73, 79, 82, 90, 91, 94, 101, 104, 107, 113, 116, 119, 122, 125, 130, 131, 132, 133, 134, 137, 138, 141, 144, 149, 150, 151, 153, 158, 163, 166, 167, 170, 171, 173, 176, 178, 181, 186, 191, 197, 200, 203, 206, 208, 211, 215, 216, 217, 218, 222, 223, 228, 231, 234, 235, 239, 240, 241, 244, 294, 295, 296, 297, 298, 299, 300, 303, 304, 305, 306, 309, 310, 311, 312, 313, 314, 317, 318, 319, 322, 323, 324, 325, 326, 329, 330, 331, 332, 335, 339, 340, 341, 342, 344, 345, 346, 350, 352, 353, 354, 355, 356, 357, 359, 360, 363, 364, 365, 367, 376, 377, 378, 379, 381, 382, 383, 386, 387, 388, 391, 395, 434, 437, 438, 439, 440, 441, 442, 443, 446, 447], "summary": {"covered_lines": 169, "num_statements": 169, "percent_covered": 100.0, "percent_covered_display": "100", "missing_lines": 0, "excluded_lines": 0, "percent_statements_covered": 100.0, "percent_statements_covered_display": "100"}, "missing_lines": [], "excluded_lines": [], "start_line": 1}}}, "asteri/arbiter.py": {"executed_lines": [1, 2, 3, 4, 5, 6, 8, 9, 10, 12, 13, 14, 17, 20, 40, 41, 42, 43, 44, 45, 46, 47, 48, 49, 50, 51, 52, 53, 54, 55, 56, 57, 58, 59, 60, 61, 63, 64, 65, 67, 68, 69, 70, 71, 73, 77, 79, 80, 82, 83, 84, 86, 88, 90, 91, 92, 94, 95, 97, 98, 100, 101, 105, 106, 108, 109, 110, 111, 115, 116, 118, 119, 120, 121, 122, 126, 127, 128, 130, 131, 132, 134, 135, 137, 139, 140, 141, 142, 143, 144, 146, 147, 150, 151, 155, 156, 157, 158, 160, 161, 166, 167, 168, 170, 172, 173, 176, 177, 178, 179, 180, 181, 182, 184, 185, 187, 188, 189, 190, 192, 193, 194, 197, 199, 200, 202, 203, 206, 208, 209, 210, 211, 212, 215, 216, 217, 218, 219, 220, 221, 222, 224, 225, 226, 228, 229, 230, 231, 232, 234, 235, 236, 237, 238, 239, 241, 242, 243, 244, 245, 246, 248, 250, 252, 253, 254, 256, 257, 258, 260, 262, 263, 265, 267, 269, 270, 272, 273, 274, 275, 276, 277, 278, 280, 282, 284, 285, 290, 291, 292, 294, 295, 298, 305, 306, 308, 310, 311, 314, 316, 317, 318, 319, 320, 321, 322, 323, 324, 326, 327, 328, 329, 330, 331, 332, 336, 337, 338, 340, 341, 343, 344, 347, 348, 349, 350, 351, 352, 353, 354, 356, 357, 358, 360, 361, 362, 366, 367, 369, 372, 373, 374, 376, 379, 380, 381, 382, 383, 384, 385, 387, 388, 389, 392, 393, 394, 396, 397, 398, 399, 400, 401, 403, 404, 406, 407, 408, 409, 411, 412, 413, 414, 415, 416, 418, 419, 420, 421, 422, 424, 425, 426, 427, 428, 429, 430, 431, 433, 434, 435, 441, 442, 443, 444, 445, 446, 447, 448, 449, 451, 452, 453, 455, 458, 459, 460, 461, 466, 467, 469, 470, 471, 472, 474, 475, 476, 477, 478, 481, 482, 483, 484, 485, 486, 487, 488, 489, 490, 491, 492, 493, 495], "summary": {"covered_lines": 332, "num_statements": 332, "percent_covered": 100.0, "percent_covered_display": "100", "missing_lines": 0, "excluded_lines": 0, "percent_statements_covered": 100.0, "percent_statements_covered_display": "100"}, "missing_lines": [], "excluded_lines": [], "functions": {"Arbiter.__init__": {"executed_lines": [40, 41, 42, 43, 44, 45, 46, 47, 48, 49, 50, 51, 52, 53, 54, 55, 56, 57, 58, 59, 60, 61, 63, 64, 65, 67, 68, 69, 70, 71, 73, 77, 79, 80, 82, 83, 84, 86, 88], "summary": {"covered_lines": 39, "num_statements": 39, "percent_covered": 100.0, "percent_covered_display": "100", "missing_lines": 0, "excluded_lines": 0, "percent_statements_covered": 100.0, "percent_statements_covered_display": "100"}, "missing_lines": [], "excluded_lines": [], "start_line": 20}, "Arbiter.start": {"executed_lines": [91, 92, 94, 95, 97, 98, 100, 101, 105, 106, 108, 109, 110, 111, 115, 116, 118, 119, 120, 121, 122, 126, 127, 128, 130, 131, 132, 134, 135, 137, 139, 140, 141, 142, 143, 144, 146, 147, 150, 151, 155, 156, 157, 158, 160, 161, 166, 167, 168, 170, 172, 173, 176, 177, 178, 179, 180, 181, 182, 184, 185], "summary": {"covered_lines": 61, "num_statements": 61, "percent_covered": 100.0, "percent_covered_display": "100", "missing_lines": 0, "excluded_lines": 0, "percent_statements_covered": 100.0, "percent_statements_covered_display": "100"}, "missing_lines": [], "excluded_lines": [], "start_line": 90}, "Arbiter.setup_reloader": {"executed_lines": [188, 189, 192, 199, 200, 202, 203], "summary": {"covered_lines": 7, "num_statements": 7, "percent_covered": 100.0, "percent_covered_display": "100", "missing_lines": 0, "excluded_lines": 0, "percent_statements_covered": 100.0, "percent_statements_covered_display": "100"}, "missing_lines": [], "excluded_lines": [], "start_line": 187}, "Arbiter.setup_reloader.ReloadHandler.__init__": {"executed_lines": [190], "summary": {"covered_lines": 1, "num_statements": 1, "percent_covered": 100.0, "percent_covered_display": "100", "missing_lines": 0, "excluded_lines": 0, "percent_statements_covered": 100.0, "percent_statements_covered_display": "100"}, "missing_lines": [], "excluded_lines": [], "start_line": 189}, "Arbiter.setup_reloader.ReloadHandler.on_modified": {"executed_lines": [193, 194, 197], "summary": {"covered_lines": 3, "num_statements": 3, "percent_covered": 100.0, "percent_covered_display": "100", "missing_lines": 0, "excluded_lines": 0, "percent_statements_covered": 100.0, "percent_statements_covered_display": "100"}, "missing_lines": [], "excluded_lines": [], "start_line": 192}, "Arbiter.daemonize": {"executed_lines": [208, 209, 210, 211, 212, 215, 216, 217, 218, 219, 220, 221, 222], "summary": {"covered_lines": 13, "num_statements": 13, "percent_covered": 100.0, "percent_covered_display": "100", "missing_lines": 0, "excluded_lines": 0, "percent_statements_covered": 100.0, "percent_statements_covered_display": "100"}, "missing_lines": [], "excluded_lines": [], "start_line": 206}, "Arbiter.write_pid": {"executed_lines": [225, 226], "summary": {"covered_lines": 2, "num_statements": 2, "percent_covered": 100.0, "percent_covered_display": "100", "missing_lines": 0, "excluded_lines": 0, "percent_statements_covered": 100.0, "percent_statements_covered_display": "100"}, "missing_lines": [], "excluded_lines": [], "start_line": 224}, "Arbiter.switch_user": {"executed_lines": [229, 230, 231, 232, 234, 235, 236, 237, 238, 239], "summary": {"covered_lines": 10, "num_statements": 10, "percent_covered": 100.0, "percent_covered_display": "100", "missing_lines": 0, "excluded_lines": 0, "percent_statements_covered": 100.0, "percent_statements_covered_display": "100"}, "missing_lines": [], "excluded_lines": [], "start_line": 228}, "Arbiter.setup_signals": {"executed_lines": [242, 243, 244, 245, 246], "summary": {"covered_lines": 5, "num_statements": 5, "percent_covered": 100.0, "percent_covered_display": "100", "missing_lines": 0, "excluded_lines": 0, "percent_statements_covered": 100.0, "percent_statements_covered_display": "100"}, "missing_lines": [], "excluded_lines": [], "start_line": 241}, "Arbiter.handle_chld": {"executed_lines": [250], "summary": {"covered_lines": 1, "num_statements": 1, "percent_covered": 100.0, "percent_covered_display": "100", "missing_lines": 0, "excluded_lines": 0, "percent_statements_covered": 100.0, "percent_statements_covered_display": "100"}, "missing_lines": [], "excluded_lines": [], "start_line": 248}, "Arbiter.handle_exit": {"executed_lines": [253, 254], "summary": {"covered_lines": 2, "num_statements": 2, "percent_covered": 100.0, "percent_covered_display": "100", "missing_lines": 0, "excluded_lines": 0, "percent_statements_covered": 100.0, "percent_statements_covered_display": "100"}, "missing_lines": [], "excluded_lines": [], "start_line": 252}, "Arbiter.handle_quit": {"executed_lines": [257, 258], "summary": {"covered_lines": 2, "num_statements": 2, "percent_covered": 100.0, "percent_covered_display": "100", "missing_lines": 0, "excluded_lines": 0, "percent_statements_covered": 100.0, "percent_statements_covered_display": "100"}, "missing_lines": [], "excluded_lines": [], "start_line": 256}, "Arbiter.handle_hup": {"executed_lines": [262, 263], "summary": {"covered_lines": 2, "num_statements": 2, "percent_covered": 100.0, "percent_covered_display": "100", "missing_lines": 0, "excluded_lines": 0, "percent_statements_covered": 100.0, "percent_statements_covered_display": "100"}, "missing_lines": [], "excluded_lines": [], "start_line": 260}, "Arbiter.wakeup": {"executed_lines": [267], "summary": {"covered_lines": 1, "num_statements": 1, "percent_covered": 100.0, "percent_covered_display": "100", "missing_lines": 0, "excluded_lines": 0, "percent_statements_covered": 100.0, "percent_statements_covered_display": "100"}, "missing_lines": [], "excluded_lines": [], "start_line": 265}, "Arbiter.stop_workers": {"executed_lines": [270, 272, 273, 274, 275, 276, 277, 278], "summary": {"covered_lines": 8, "num_statements": 8, "percent_covered": 100.0, "percent_covered_display": "100", "missing_lines": 0, "excluded_lines": 0, "percent_statements_covered": 100.0, "percent_statements_covered_display": "100"}, "missing_lines": [], "excluded_lines": [], "start_line": 269}, "Arbiter.build_ssl_context": {"executed_lines": [282, 284, 285, 290, 291, 292, 294, 295, 298, 305, 306, 308], "summary": {"covered_lines": 12, "num_statements": 12, "percent_covered": 100.0, "percent_covered_display": "100", "missing_lines": 0, "excluded_lines": 0, "percent_statements_covered": 100.0, "percent_statements_covered_display": "100"}, "missing_lines": [], "excluded_lines": [], "start_line": 280}, "Arbiter.spawn_worker": {"executed_lines": [311, 314, 316, 317, 318, 319, 320, 321, 322, 323, 324, 326, 327, 328, 329, 330, 331, 332, 336, 337, 338], "summary": {"covered_lines": 21, "num_statements": 21, "percent_covered": 100.0, "percent_covered_display": "100", "missing_lines": 0, "excluded_lines": 0, "percent_statements_covered": 100.0, "percent_statements_covered_display": "100"}, "missing_lines": [], "excluded_lines": [], "start_line": 310}, "Arbiter.manage_workers": {"executed_lines": [341, 343, 344, 347, 348, 349, 350, 351, 352, 353, 354, 356, 357, 358, 360, 361, 362, 366, 367, 369, 372, 373, 374, 376, 379, 380, 381, 382, 383, 384, 385, 387, 388, 389, 392, 393, 394, 396, 397, 398, 399, 400, 401, 403, 404], "summary": {"covered_lines": 45, "num_statements": 45, "percent_covered": 100.0, "percent_covered_display": "100", "missing_lines": 0, "excluded_lines": 0, "percent_statements_covered": 100.0, "percent_statements_covered_display": "100"}, "missing_lines": [], "excluded_lines": [], "start_line": 340}, "Arbiter._start_control_socket": {"executed_lines": [407, 408, 409, 411, 412, 413, 414, 415, 416, 418, 419, 420, 421, 422, 424, 474, 495], "summary": {"covered_lines": 17, "num_statements": 17, "percent_covered": 100.0, "percent_covered_display": "100", "missing_lines": 0, "excluded_lines": 0, "percent_statements_covered": 100.0, "percent_statements_covered_display": "100"}, "missing_lines": [], "excluded_lines": [], "start_line": 406}, "Arbiter._start_control_socket.handle_client": {"executed_lines": [425, 426, 427, 428, 429, 430, 431, 433, 434, 435, 441, 442, 443, 444, 445, 446, 447, 448, 449, 451, 452, 453, 455, 458, 459, 460, 461, 466, 467, 469, 470, 471, 472], "summary": {"covered_lines": 33, "num_statements": 33, "percent_covered": 100.0, "percent_covered_display": "100", "missing_lines": 0, "excluded_lines": 0, "percent_statements_covered": 100.0, "percent_statements_covered_display": "100"}, "missing_lines": [], "excluded_lines": [], "start_line": 424}, "Arbiter._start_control_socket.run_server": {"executed_lines": [475, 476, 477, 478, 481, 482, 483, 484, 485, 486, 487, 488, 489, 490, 491, 492, 493], "summary": {"covered_lines": 17, "num_statements": 17, "percent_covered": 100.0, "percent_covered_display": "100", "missing_lines": 0, "excluded_lines": 0, "percent_statements_covered": 100.0, "percent_statements_covered_display": "100"}, "missing_lines": [], "excluded_lines": [], "start_line": 474}, "": {"executed_lines": [1, 2, 3, 4, 5, 6, 8, 9, 10, 12, 13, 14, 17, 20, 90, 187, 206, 224, 228, 241, 248, 252, 256, 260, 265, 269, 280, 310, 340, 406], "summary": {"covered_lines": 30, "num_statements": 30, "percent_covered": 100.0, "percent_covered_display": "100", "missing_lines": 0, "excluded_lines": 0, "percent_statements_covered": 100.0, "percent_statements_covered_display": "100"}, "missing_lines": [], "excluded_lines": [], "start_line": 1}}, "classes": {"Arbiter": {"executed_lines": [40, 41, 42, 43, 44, 45, 46, 47, 48, 49, 50, 51, 52, 53, 54, 55, 56, 57, 58, 59, 60, 61, 63, 64, 65, 67, 68, 69, 70, 71, 73, 77, 79, 80, 82, 83, 84, 86, 88, 91, 92, 94, 95, 97, 98, 100, 101, 105, 106, 108, 109, 110, 111, 115, 116, 118, 119, 120, 121, 122, 126, 127, 128, 130, 131, 132, 134, 135, 137, 139, 140, 141, 142, 143, 144, 146, 147, 150, 151, 155, 156, 157, 158, 160, 161, 166, 167, 168, 170, 172, 173, 176, 177, 178, 179, 180, 181, 182, 184, 185, 188, 189, 192, 199, 200, 202, 203, 208, 209, 210, 211, 212, 215, 216, 217, 218, 219, 220, 221, 222, 225, 226, 229, 230, 231, 232, 234, 235, 236, 237, 238, 239, 242, 243, 244, 245, 246, 250, 253, 254, 257, 258, 262, 263, 267, 270, 272, 273, 274, 275, 276, 277, 278, 282, 284, 285, 290, 291, 292, 294, 295, 298, 305, 306, 308, 311, 314, 316, 317, 318, 319, 320, 321, 322, 323, 324, 326, 327, 328, 329, 330, 331, 332, 336, 337, 338, 341, 343, 344, 347, 348, 349, 350, 351, 352, 353, 354, 356, 357, 358, 360, 361, 362, 366, 367, 369, 372, 373, 374, 376, 379, 380, 381, 382, 383, 384, 385, 387, 388, 389, 392, 393, 394, 396, 397, 398, 399, 400, 401, 403, 404, 407, 408, 409, 411, 412, 413, 414, 415, 416, 418, 419, 420, 421, 422, 424, 425, 426, 427, 428, 429, 430, 431, 433, 434, 435, 441, 442, 443, 444, 445, 446, 447, 448, 449, 451, 452, 453, 455, 458, 459, 460, 461, 466, 467, 469, 470, 471, 472, 474, 475, 476, 477, 478, 481, 482, 483, 484, 485, 486, 487, 488, 489, 490, 491, 492, 493, 495], "summary": {"covered_lines": 298, "num_statements": 298, "percent_covered": 100.0, "percent_covered_display": "100", "missing_lines": 0, "excluded_lines": 0, "percent_statements_covered": 100.0, "percent_statements_covered_display": "100"}, "missing_lines": [], "excluded_lines": [], "start_line": 17}, "Arbiter.setup_reloader.ReloadHandler": {"executed_lines": [190, 193, 194, 197], "summary": {"covered_lines": 4, "num_statements": 4, "percent_covered": 100.0, "percent_covered_display": "100", "missing_lines": 0, "excluded_lines": 0, "percent_statements_covered": 100.0, "percent_statements_covered_display": "100"}, "missing_lines": [], "excluded_lines": [], "start_line": 188}, "": {"executed_lines": [1, 2, 3, 4, 5, 6, 8, 9, 10, 12, 13, 14, 17, 20, 90, 187, 206, 224, 228, 241, 248, 252, 256, 260, 265, 269, 280, 310, 340, 406], "summary": {"covered_lines": 30, "num_statements": 30, "percent_covered": 100.0, "percent_covered_display": "100", "missing_lines": 0, "excluded_lines": 0, "percent_statements_covered": 100.0, "percent_statements_covered_display": "100"}, "missing_lines": [], "excluded_lines": [], "start_line": 1}}}, "asteri/dirty.py": {"executed_lines": [1, 2, 3, 4, 5, 6, 12, 15, 16, 18, 20, 21, 25, 26, 28, 29, 30, 32, 33, 39, 40, 41, 42, 43, 44, 45, 48, 51, 52, 53, 54, 55, 56, 58, 59, 60, 62, 63, 64, 65, 66, 67, 71, 73, 76, 77, 78, 80, 81, 83, 84, 85, 86, 87, 88, 89, 90, 91, 92, 93, 94, 96, 97, 98, 99, 100, 103, 104, 105, 106, 108, 109, 110, 111, 112, 113, 114, 115, 116, 118, 119, 120, 121, 122, 124, 125, 126, 127, 129, 130, 131, 132, 134, 135, 136, 137, 138, 139, 140, 141, 142, 144, 145, 146, 148, 149, 150, 151, 152, 154, 155, 156, 157, 158, 159, 161, 162, 163, 164, 165, 166, 167, 168, 169, 170, 171, 172, 173, 174, 175, 177, 178, 179, 182, 185, 186, 188, 189, 190, 192, 194, 195, 196, 198, 199, 200, 201, 202, 203, 204, 205, 206, 207, 208, 209, 211, 212, 213, 214, 216, 217, 218, 219, 220, 222, 223, 224, 225, 226, 228, 229, 230, 232, 234, 235, 236, 242, 245, 246, 247, 248, 250, 251, 252, 254, 255, 256, 257, 258, 259, 260, 262, 263, 264, 265, 267, 269, 270, 271, 272, 273, 274, 276, 277, 278, 280, 281, 282, 284, 285, 287, 289, 290, 291, 292, 293, 294, 296, 297, 299, 302, 304, 305, 306, 308, 309, 311, 312, 313, 314, 315, 317, 319, 320, 321, 322, 323, 324, 325, 326, 328, 329, 331, 332, 339, 346, 348, 350, 353, 354, 355], "summary": {"covered_lines": 251, "num_statements": 251, "percent_covered": 100.0, "percent_covered_display": "100", "missing_lines": 0, "excluded_lines": 0, "percent_statements_covered": 100.0, "percent_statements_covered_display": "100"}, "missing_lines": [], "excluded_lines": [], "functions": {"TLV.encode": {"executed_lines": [18], "summary": {"covered_lines": 1, "num_statements": 1, "percent_covered": 100.0, "percent_covered_display": "100", "missing_lines": 0, "excluded_lines": 0, "percent_statements_covered": 100.0, "percent_statements_covered_display": "100"}, "missing_lines": [], "excluded_lines": [], "start_line": 16}, "TLV.decode": {"executed_lines": [25, 26, 28, 29, 30, 32, 33], "summary": {"covered_lines": 7, "num_statements": 7, "percent_covered": 100.0, "percent_covered_display": "100", "missing_lines": 0, "excluded_lines": 0, "percent_statements_covered": 100.0, "percent_statements_covered_display": "100"}, "missing_lines": [], "excluded_lines": [], "start_line": 21}, "StashServer.__init__": {"executed_lines": [52, 53, 54, 55, 56], "summary": {"covered_lines": 5, "num_statements": 5, "percent_covered": 100.0, "percent_covered_display": "100", "missing_lines": 0, "excluded_lines": 0, "percent_statements_covered": 100.0, "percent_statements_covered_display": "100"}, "missing_lines": [], "excluded_lines": [], "start_line": 51}, "StashServer.start": {"executed_lines": [59, 60, 62, 63, 64, 65, 66, 67, 71, 73, 76, 77, 78, 80, 81], "summary": {"covered_lines": 15, "num_statements": 15, "percent_covered": 100.0, "percent_covered_display": "100", "missing_lines": 0, "excluded_lines": 0, "percent_statements_covered": 100.0, "percent_statements_covered_display": "100"}, "missing_lines": [], "excluded_lines": [], "start_line": 58}, "StashServer.stop": {"executed_lines": [84, 85, 86, 87, 88, 89, 90, 91, 92, 93, 94], "summary": {"covered_lines": 11, "num_statements": 11, "percent_covered": 100.0, "percent_covered_display": "100", "missing_lines": 0, "excluded_lines": 0, "percent_statements_covered": 100.0, "percent_statements_covered_display": "100"}, "missing_lines": [], "excluded_lines": [], "start_line": 83}, "StashServer._run_loop": {"executed_lines": [97, 98, 99, 100, 103, 104, 105, 106], "summary": {"covered_lines": 8, "num_statements": 8, "percent_covered": 100.0, "percent_covered_display": "100", "missing_lines": 0, "excluded_lines": 0, "percent_statements_covered": 100.0, "percent_statements_covered_display": "100"}, "missing_lines": [], "excluded_lines": [], "start_line": 96}, "StashServer._handle_client": {"executed_lines": [109, 110, 111, 112, 113, 114, 115, 116, 118, 119, 120, 121, 122, 124, 125, 126, 127, 129, 130, 131, 132], "summary": {"covered_lines": 21, "num_statements": 21, "percent_covered": 100.0, "percent_covered_display": "100", "missing_lines": 0, "excluded_lines": 0, "percent_statements_covered": 100.0, "percent_statements_covered_display": "100"}, "missing_lines": [], "excluded_lines": [], "start_line": 108}, "StashServer._process_request": {"executed_lines": [135, 136, 137, 138, 139, 140, 141, 142, 144, 145, 146, 148, 149, 150, 151, 152, 154, 155, 156, 157, 158, 159, 161, 162, 163, 164, 165, 166, 167, 168, 169, 170, 171, 172, 173, 174, 175, 177, 178, 179], "summary": {"covered_lines": 40, "num_statements": 40, "percent_covered": 100.0, "percent_covered_display": "100", "missing_lines": 0, "excluded_lines": 0, "percent_statements_covered": 100.0, "percent_statements_covered_display": "100"}, "missing_lines": [], "excluded_lines": [], "start_line": 134}, "StashClient.__init__": {"executed_lines": [186], "summary": {"covered_lines": 1, "num_statements": 1, "percent_covered": 100.0, "percent_covered_display": "100", "missing_lines": 0, "excluded_lines": 0, "percent_statements_covered": 100.0, "percent_statements_covered_display": "100"}, "missing_lines": [], "excluded_lines": [], "start_line": 185}, "StashClient._send_request": {"executed_lines": [189, 190, 192, 194, 195, 196, 198, 199, 200, 201, 202, 203, 204, 205, 206, 207, 208, 209, 211, 212, 213, 214], "summary": {"covered_lines": 22, "num_statements": 22, "percent_covered": 100.0, "percent_covered_display": "100", "missing_lines": 0, "excluded_lines": 0, "percent_statements_covered": 100.0, "percent_statements_covered_display": "100"}, "missing_lines": [], "excluded_lines": [], "start_line": 188}, "StashClient.set": {"executed_lines": [217, 218, 219, 220], "summary": {"covered_lines": 4, "num_statements": 4, "percent_covered": 100.0, "percent_covered_display": "100", "missing_lines": 0, "excluded_lines": 0, "percent_statements_covered": 100.0, "percent_statements_covered_display": "100"}, "missing_lines": [], "excluded_lines": [], "start_line": 216}, "StashClient.get": {"executed_lines": [223, 224, 225, 226], "summary": {"covered_lines": 4, "num_statements": 4, "percent_covered": 100.0, "percent_covered_display": "100", "missing_lines": 0, "excluded_lines": 0, "percent_statements_covered": 100.0, "percent_statements_covered_display": "100"}, "missing_lines": [], "excluded_lines": [], "start_line": 222}, "StashClient.delete": {"executed_lines": [229, 230], "summary": {"covered_lines": 2, "num_statements": 2, "percent_covered": 100.0, "percent_covered_display": "100", "missing_lines": 0, "excluded_lines": 0, "percent_statements_covered": 100.0, "percent_statements_covered_display": "100"}, "missing_lines": [], "excluded_lines": [], "start_line": 228}, "StashClient.increment": {"executed_lines": [234, 235, 236], "summary": {"covered_lines": 3, "num_statements": 3, "percent_covered": 100.0, "percent_covered_display": "100", "missing_lines": 0, "excluded_lines": 0, "percent_statements_covered": 100.0, "percent_statements_covered_display": "100"}, "missing_lines": [], "excluded_lines": [], "start_line": 232}, "DirtyAppLoader.__init__": {"executed_lines": [246, 247, 248], "summary": {"covered_lines": 3, "num_statements": 3, "percent_covered": 100.0, "percent_covered_display": "100", "missing_lines": 0, "excluded_lines": 0, "percent_statements_covered": 100.0, "percent_statements_covered_display": "100"}, "missing_lines": [], "excluded_lines": [], "start_line": 245}, "DirtyAppLoader._parse_mapping": {"executed_lines": [251, 252, 254, 255, 256, 257, 258, 259, 260, 262, 263, 264, 265, 267], "summary": {"covered_lines": 14, "num_statements": 14, "percent_covered": 100.0, "percent_covered_display": "100", "missing_lines": 0, "excluded_lines": 0, "percent_statements_covered": 100.0, "percent_statements_covered_display": "100"}, "missing_lines": [], "excluded_lines": [], "start_line": 250}, "DirtyAppLoader._match_app": {"executed_lines": [270, 271, 272, 273, 274, 276, 277, 278, 280, 281, 282, 284, 285, 287], "summary": {"covered_lines": 14, "num_statements": 14, "percent_covered": 100.0, "percent_covered_display": "100", "missing_lines": 0, "excluded_lines": 0, "percent_statements_covered": 100.0, "percent_statements_covered_display": "100"}, "missing_lines": [], "excluded_lines": [], "start_line": 269}, "DirtyAppLoader._get_app": {"executed_lines": [290, 291, 292, 293, 294], "summary": {"covered_lines": 5, "num_statements": 5, "percent_covered": 100.0, "percent_covered_display": "100", "missing_lines": 0, "excluded_lines": 0, "percent_statements_covered": 100.0, "percent_statements_covered_display": "100"}, "missing_lines": [], "excluded_lines": [], "start_line": 289}, "DirtyAppLoader.__call__": {"executed_lines": [297, 299, 302], "summary": {"covered_lines": 3, "num_statements": 3, "percent_covered": 100.0, "percent_covered_display": "100", "missing_lines": 0, "excluded_lines": 0, "percent_statements_covered": 100.0, "percent_statements_covered_display": "100"}, "missing_lines": [], "excluded_lines": [], "start_line": 296}, "DirtyAppLoader.wsgi_call": {"executed_lines": [305, 306, 308, 309, 311, 312, 313, 314, 315, 317], "summary": {"covered_lines": 10, "num_statements": 10, "percent_covered": 100.0, "percent_covered_display": "100", "missing_lines": 0, "excluded_lines": 0, "percent_statements_covered": 100.0, "percent_statements_covered_display": "100"}, "missing_lines": [], "excluded_lines": [], "start_line": 304}, "DirtyAppLoader.asgi_call": {"executed_lines": [320, 321, 322, 323, 324, 325, 326, 328, 329, 331, 332, 339, 346, 348, 350, 353, 354, 355], "summary": {"covered_lines": 18, "num_statements": 18, "percent_covered": 100.0, "percent_covered_display": "100", "missing_lines": 0, "excluded_lines": 0, "percent_statements_covered": 100.0, "percent_statements_covered_display": "100"}, "missing_lines": [], "excluded_lines": [], "start_line": 319}, "": {"executed_lines": [1, 2, 3, 4, 5, 6, 12, 15, 16, 20, 21, 39, 40, 41, 42, 43, 44, 45, 48, 51, 58, 83, 96, 108, 134, 182, 185, 188, 216, 222, 228, 232, 242, 245, 250, 269, 289, 296, 304, 319], "summary": {"covered_lines": 40, "num_statements": 40, "percent_covered": 100.0, "percent_covered_display": "100", "missing_lines": 0, "excluded_lines": 0, "percent_statements_covered": 100.0, "percent_statements_covered_display": "100"}, "missing_lines": [], "excluded_lines": [], "start_line": 1}}, "classes": {"TLV": {"executed_lines": [18, 25, 26, 28, 29, 30, 32, 33], "summary": {"covered_lines": 8, "num_statements": 8, "percent_covered": 100.0, "percent_covered_display": "100", "missing_lines": 0, "excluded_lines": 0, "percent_statements_covered": 100.0, "percent_statements_covered_display": "100"}, "missing_lines": [], "excluded_lines": [], "start_line": 12}, "StashServer": {"executed_lines": [52, 53, 54, 55, 56, 59, 60, 62, 63, 64, 65, 66, 67, 71, 73, 76, 77, 78, 80, 81, 84, 85, 86, 87, 88, 89, 90, 91, 92, 93, 94, 97, 98, 99, 100, 103, 104, 105, 106, 109, 110, 111, 112, 113, 114, 115, 116, 118, 119, 120, 121, 122, 124, 125, 126, 127, 129, 130, 131, 132, 135, 136, 137, 138, 139, 140, 141, 142, 144, 145, 146, 148, 149, 150, 151, 152, 154, 155, 156, 157, 158, 159, 161, 162, 163, 164, 165, 166, 167, 168, 169, 170, 171, 172, 173, 174, 175, 177, 178, 179], "summary": {"covered_lines": 100, "num_statements": 100, "percent_covered": 100.0, "percent_covered_display": "100", "missing_lines": 0, "excluded_lines": 0, "percent_statements_covered": 100.0, "percent_statements_covered_display": "100"}, "missing_lines": [], "excluded_lines": [], "start_line": 48}, "StashClient": {"executed_lines": [186, 189, 190, 192, 194, 195, 196, 198, 199, 200, 201, 202, 203, 204, 205, 206, 207, 208, 209, 211, 212, 213, 214, 217, 218, 219, 220, 223, 224, 225, 226, 229, 230, 234, 235, 236], "summary": {"covered_lines": 36, "num_statements": 36, "percent_covered": 100.0, "percent_covered_display": "100", "missing_lines": 0, "excluded_lines": 0, "percent_statements_covered": 100.0, "percent_statements_covered_display": "100"}, "missing_lines": [], "excluded_lines": [], "start_line": 182}, "DirtyAppLoader": {"executed_lines": [246, 247, 248, 251, 252, 254, 255, 256, 257, 258, 259, 260, 262, 263, 264, 265, 267, 270, 271, 272, 273, 274, 276, 277, 278, 280, 281, 282, 284, 285, 287, 290, 291, 292, 293, 294, 297, 299, 302, 305, 306, 308, 309, 311, 312, 313, 314, 315, 317, 320, 321, 322, 323, 324, 325, 326, 328, 329, 331, 332, 339, 346, 348, 350, 353, 354, 355], "summary": {"covered_lines": 67, "num_statements": 67, "percent_covered": 100.0, "percent_covered_display": "100", "missing_lines": 0, "excluded_lines": 0, "percent_statements_covered": 100.0, "percent_statements_covered_display": "100"}, "missing_lines": [], "excluded_lines": [], "start_line": 242}, "": {"executed_lines": [1, 2, 3, 4, 5, 6, 12, 15, 16, 20, 21, 39, 40, 41, 42, 43, 44, 45, 48, 51, 58, 83, 96, 108, 134, 182, 185, 188, 216, 222, 228, 232, 242, 245, 250, 269, 289, 296, 304, 319], "summary": {"covered_lines": 40, "num_statements": 40, "percent_covered": 100.0, "percent_covered_display": "100", "missing_lines": 0, "excluded_lines": 0, "percent_statements_covered": 100.0, "percent_statements_covered_display": "100"}, "missing_lines": [], "excluded_lines": [], "start_line": 1}}}, "asteri/http.py": {"executed_lines": [1, 2, 4, 5, 7, 8, 9, 12, 13, 14, 15, 16, 17, 18, 21, 22, 23, 25, 26, 27, 28, 29, 30, 31, 32, 34, 36, 39, 40, 42, 43, 46, 47, 48, 50, 53, 54, 55, 56, 57, 59, 60, 61, 62, 64, 65, 67, 68, 69, 70, 71, 72, 73, 74, 75, 76, 79, 80, 81, 82, 84, 85, 86, 89, 96, 98, 99, 100, 102, 103, 104, 106, 108, 109, 110, 111, 112, 113, 114, 116, 117, 118, 119, 121, 123, 124, 125, 127, 128, 129, 131, 133, 134, 136, 138, 139, 141, 142, 143, 144, 145, 146, 147, 149, 150, 151, 152, 153, 154, 155, 156, 158, 159, 160, 168, 169, 170, 171, 172, 173, 175, 178, 179, 180, 181, 182, 183, 185, 186, 187, 188, 189, 191, 192, 193, 194, 195, 198, 200, 201, 202, 203, 204, 205, 209, 210, 211, 212, 213, 216, 217, 218, 219, 220, 226, 227, 229, 230, 231, 232, 233, 235, 236, 237, 244, 245, 246, 247, 250, 252, 253, 254, 257, 259, 262, 263, 265, 267, 268, 270, 271, 272, 273, 275, 278, 281, 282, 283, 284, 287, 295, 297, 298, 299, 300, 301, 306, 312, 313, 314, 316, 317, 318, 320, 321, 322, 323, 324, 325, 326, 327, 328, 331, 338, 339, 340, 342, 343, 344, 346, 347, 348, 349, 350, 351, 352, 353, 354, 355, 356, 357, 358, 359, 360, 363, 364, 365, 368, 370, 371, 372, 373, 374, 375, 376, 377, 380, 387, 388, 390, 391, 392, 393, 394, 395, 396, 397, 399, 401, 402, 403, 404, 405, 407, 408, 409, 410, 411, 413, 414, 415, 416, 419, 420, 421, 422, 423, 426, 432, 433, 435, 436, 437, 439, 440, 441, 442, 443, 444, 445, 446, 447, 448, 449, 452, 454, 455, 456, 457, 458, 461, 462], "summary": {"covered_lines": 302, "num_statements": 302, "percent_covered": 100.0, "percent_covered_display": "100", "missing_lines": 0, "excluded_lines": 0, "percent_statements_covered": 100.0, "percent_statements_covered_display": "100"}, "missing_lines": [], "excluded_lines": [], "functions": {"HTTPRequest.__init__": {"executed_lines": [14, 15, 16, 17, 18], "summary": {"covered_lines": 5, "num_statements": 5, "percent_covered": 100.0, "percent_covered_display": "100", "missing_lines": 0, "excluded_lines": 0, "percent_statements_covered": 100.0, "percent_statements_covered_display": "100"}, "missing_lines": [], "excluded_lines": [], "start_line": 13}, "HTTPParser.parse": {"executed_lines": [25, 26, 27, 28, 29, 30, 31, 32, 34, 36, 39, 40, 42, 43, 46, 47, 48, 50, 53, 54, 55, 56, 57, 59, 60, 61, 62], "summary": {"covered_lines": 27, "num_statements": 27, "percent_covered": 100.0, "percent_covered_display": "100", "missing_lines": 0, "excluded_lines": 0, "percent_statements_covered": 100.0, "percent_statements_covered_display": "100"}, "missing_lines": [], "excluded_lines": [], "start_line": 23}, "HTTPParser.parse_raw": {"executed_lines": [67, 68, 69, 70, 71, 72, 73, 74, 75, 76], "summary": {"covered_lines": 10, "num_statements": 10, "percent_covered": 100.0, "percent_covered_display": "100", "missing_lines": 0, "excluded_lines": 0, "percent_statements_covered": 100.0, "percent_statements_covered_display": "100"}, "missing_lines": [], "excluded_lines": [], "start_line": 65}, "HTTP2Handler.is_http2": {"executed_lines": [100], "summary": {"covered_lines": 1, "num_statements": 1, "percent_covered": 100.0, "percent_covered_display": "100", "missing_lines": 0, "excluded_lines": 0, "percent_statements_covered": 100.0, "percent_statements_covered_display": "100"}, "missing_lines": [], "excluded_lines": [], "start_line": 99}, "HTTP2Handler._default_handler": {"executed_lines": [104], "summary": {"covered_lines": 1, "num_statements": 1, "percent_covered": 100.0, "percent_covered_display": "100", "missing_lines": 0, "excluded_lines": 0, "percent_statements_covered": 100.0, "percent_statements_covered_display": "100"}, "missing_lines": [], "excluded_lines": [], "start_line": 103}, "HTTP2Handler.__init__": {"executed_lines": [108, 109, 110, 111, 112, 113, 114], "summary": {"covered_lines": 7, "num_statements": 7, "percent_covered": 100.0, "percent_covered_display": "100", "missing_lines": 0, "excluded_lines": 0, "percent_statements_covered": 100.0, "percent_statements_covered_display": "100"}, "missing_lines": [], "excluded_lines": [], "start_line": 106}, "HTTP2Handler._setup_connection": {"executed_lines": [117, 118, 119, 121, 123, 124, 125], "summary": {"covered_lines": 7, "num_statements": 7, "percent_covered": 100.0, "percent_covered_display": "100", "missing_lines": 0, "excluded_lines": 0, "percent_statements_covered": 100.0, "percent_statements_covered_display": "100"}, "missing_lines": [], "excluded_lines": [], "start_line": 116}, "HTTP2Handler._send_all": {"executed_lines": [128, 129], "summary": {"covered_lines": 2, "num_statements": 2, "percent_covered": 100.0, "percent_covered_display": "100", "missing_lines": 0, "excluded_lines": 0, "percent_statements_covered": 100.0, "percent_statements_covered_display": "100"}, "missing_lines": [], "excluded_lines": [], "start_line": 127}, "HTTP2Handler.handle": {"executed_lines": [133, 134, 136, 138, 139, 141, 142, 143, 144, 145, 146, 147], "summary": {"covered_lines": 12, "num_statements": 12, "percent_covered": 100.0, "percent_covered_display": "100", "missing_lines": 0, "excluded_lines": 0, "percent_statements_covered": 100.0, "percent_statements_covered_display": "100"}, "missing_lines": [], "excluded_lines": [], "start_line": 131}, "HTTP2Handler.process_data": {"executed_lines": [150, 151, 152, 153, 154, 155, 156], "summary": {"covered_lines": 7, "num_statements": 7, "percent_covered": 100.0, "percent_covered_display": "100", "missing_lines": 0, "excluded_lines": 0, "percent_statements_covered": 100.0, "percent_statements_covered_display": "100"}, "missing_lines": [], "excluded_lines": [], "start_line": 149}, "HTTP2Handler._handle_event": {"executed_lines": [159, 160, 168, 169, 170, 171, 172, 173, 175, 178, 179, 180, 181, 182, 183], "summary": {"covered_lines": 15, "num_statements": 15, "percent_covered": 100.0, "percent_covered_display": "100", "missing_lines": 0, "excluded_lines": 0, "percent_statements_covered": 100.0, "percent_statements_covered_display": "100"}, "missing_lines": [], "excluded_lines": [], "start_line": 158}, "HTTP2Handler._dispatch": {"executed_lines": [186, 187, 188, 189, 191, 192, 193, 194, 195, 198, 200, 201, 202, 203, 204, 205, 209, 210, 211, 212, 213, 216, 217, 218, 219, 220, 226, 227], "summary": {"covered_lines": 28, "num_statements": 28, "percent_covered": 100.0, "percent_covered_display": "100", "missing_lines": 0, "excluded_lines": 0, "percent_statements_covered": 100.0, "percent_statements_covered_display": "100"}, "missing_lines": [], "excluded_lines": [], "start_line": 185}, "HTTP2Handler._send_response": {"executed_lines": [230, 231, 232, 233, 235, 236, 237, 244, 245, 246, 247], "summary": {"covered_lines": 11, "num_statements": 11, "percent_covered": 100.0, "percent_covered_display": "100", "missing_lines": 0, "excluded_lines": 0, "percent_statements_covered": 100.0, "percent_statements_covered_display": "100"}, "missing_lines": [], "excluded_lines": [], "start_line": 229}, "sanitize_header_name": {"executed_lines": [252, 253, 254], "summary": {"covered_lines": 3, "num_statements": 3, "percent_covered": 100.0, "percent_covered_display": "100", "missing_lines": 0, "excluded_lines": 0, "percent_statements_covered": 100.0, "percent_statements_covered_display": "100"}, "missing_lines": [], "excluded_lines": [], "start_line": 250}, "build_http_response": {"executed_lines": [259, 262, 263, 265, 267, 268, 270, 271, 272, 273, 275], "summary": {"covered_lines": 11, "num_statements": 11, "percent_covered": 100.0, "percent_covered_display": "100", "missing_lines": 0, "excluded_lines": 0, "percent_statements_covered": 100.0, "percent_statements_covered_display": "100"}, "missing_lines": [], "excluded_lines": [], "start_line": 257}, "HTTPError.__init__": {"executed_lines": [282, 283, 284], "summary": {"covered_lines": 3, "num_statements": 3, "percent_covered": 100.0, "percent_covered_display": "100", "missing_lines": 0, "excluded_lines": 0, "percent_statements_covered": 100.0, "percent_statements_covered_display": "100"}, "missing_lines": [], "excluded_lines": [], "start_line": 281}, "build_error_response": {"executed_lines": [297, 298, 299, 300, 301], "summary": {"covered_lines": 5, "num_statements": 5, "percent_covered": 100.0, "percent_covered_display": "100", "missing_lines": 0, "excluded_lines": 0, "percent_statements_covered": 100.0, "percent_statements_covered_display": "100"}, "missing_lines": [], "excluded_lines": [], "start_line": 295}, "validate_header_block": {"executed_lines": [312, 313, 314, 316, 317, 318, 320, 321, 322, 323, 324, 325, 326, 327, 328], "summary": {"covered_lines": 15, "num_statements": 15, "percent_covered": 100.0, "percent_covered_display": "100", "missing_lines": 0, "excluded_lines": 0, "percent_statements_covered": 100.0, "percent_statements_covered_display": "100"}, "missing_lines": [], "excluded_lines": [], "start_line": 306}, "header_dict": {"executed_lines": [338, 339, 340, 342, 343, 344, 346, 347, 348, 349, 350, 351, 352, 353, 354, 355, 356, 357, 358, 359, 360, 363, 364, 365], "summary": {"covered_lines": 24, "num_statements": 24, "percent_covered": 100.0, "percent_covered_display": "100", "missing_lines": 0, "excluded_lines": 0, "percent_statements_covered": 100.0, "percent_statements_covered_display": "100"}, "missing_lines": [], "excluded_lines": [], "start_line": 331}, "_recv_until": {"executed_lines": [370, 371, 372, 373, 374, 375, 376, 377], "summary": {"covered_lines": 8, "num_statements": 8, "percent_covered": 100.0, "percent_covered_display": "100", "missing_lines": 0, "excluded_lines": 0, "percent_statements_covered": 100.0, "percent_statements_covered_display": "100"}, "missing_lines": [], "excluded_lines": [], "start_line": 368}, "read_chunked_body": {"executed_lines": [387, 388, 390, 391, 392, 393, 394, 395, 396, 397, 399, 401, 402, 403, 404, 405, 407, 408, 409, 410, 411, 413, 414, 415, 416, 419, 420, 421, 422, 423], "summary": {"covered_lines": 30, "num_statements": 30, "percent_covered": 100.0, "percent_covered_display": "100", "missing_lines": 0, "excluded_lines": 0, "percent_statements_covered": 100.0, "percent_statements_covered_display": "100"}, "missing_lines": [], "excluded_lines": [], "start_line": 380}, "read_content_length_body": {"executed_lines": [432, 433, 435, 436, 437, 439, 440, 441, 442, 443, 444, 445, 446, 447, 448, 449], "summary": {"covered_lines": 16, "num_statements": 16, "percent_covered": 100.0, "percent_covered_display": "100", "missing_lines": 0, "excluded_lines": 0, "percent_statements_covered": 100.0, "percent_statements_covered_display": "100"}, "missing_lines": [], "excluded_lines": [], "start_line": 426}, "chunked_encode_part": {"executed_lines": [454, 455, 456, 457, 458], "summary": {"covered_lines": 5, "num_statements": 5, "percent_covered": 100.0, "percent_covered_display": "100", "missing_lines": 0, "excluded_lines": 0, "percent_statements_covered": 100.0, "percent_statements_covered_display": "100"}, "missing_lines": [], "excluded_lines": [], "start_line": 452}, "chunked_terminator": {"executed_lines": [462], "summary": {"covered_lines": 1, "num_statements": 1, "percent_covered": 100.0, "percent_covered_display": "100", "missing_lines": 0, "excluded_lines": 0, "percent_statements_covered": 100.0, "percent_statements_covered_display": "100"}, "missing_lines": [], "excluded_lines": [], "start_line": 461}, "": {"executed_lines": [1, 2, 4, 5, 7, 8, 9, 12, 13, 21, 22, 23, 64, 65, 79, 80, 81, 82, 84, 85, 86, 89, 96, 98, 99, 102, 103, 106, 116, 127, 131, 149, 158, 185, 229, 250, 257, 278, 281, 287, 295, 306, 331, 368, 380, 426, 452, 461], "summary": {"covered_lines": 48, "num_statements": 48, "percent_covered": 100.0, "percent_covered_display": "100", "missing_lines": 0, "excluded_lines": 0, "percent_statements_covered": 100.0, "percent_statements_covered_display": "100"}, "missing_lines": [], "excluded_lines": [], "start_line": 1}}, "classes": {"HTTPRequest": {"executed_lines": [14, 15, 16, 17, 18], "summary": {"covered_lines": 5, "num_statements": 5, "percent_covered": 100.0, "percent_covered_display": "100", "missing_lines": 0, "excluded_lines": 0, "percent_statements_covered": 100.0, "percent_statements_covered_display": "100"}, "missing_lines": [], "excluded_lines": [], "start_line": 12}, "HTTPParser": {"executed_lines": [25, 26, 27, 28, 29, 30, 31, 32, 34, 36, 39, 40, 42, 43, 46, 47, 48, 50, 53, 54, 55, 56, 57, 59, 60, 61, 62, 67, 68, 69, 70, 71, 72, 73, 74, 75, 76], "summary": {"covered_lines": 37, "num_statements": 37, "percent_covered": 100.0, "percent_covered_display": "100", "missing_lines": 0, "excluded_lines": 0, "percent_statements_covered": 100.0, "percent_statements_covered_display": "100"}, "missing_lines": [], "excluded_lines": [], "start_line": 21}, "HTTP2Handler": {"executed_lines": [100, 104, 108, 109, 110, 111, 112, 113, 114, 117, 118, 119, 121, 123, 124, 125, 128, 129, 133, 134, 136, 138, 139, 141, 142, 143, 144, 145, 146, 147, 150, 151, 152, 153, 154, 155, 156, 159, 160, 168, 169, 170, 171, 172, 173, 175, 178, 179, 180, 181, 182, 183, 186, 187, 188, 189, 191, 192, 193, 194, 195, 198, 200, 201, 202, 203, 204, 205, 209, 210, 211, 212, 213, 216, 217, 218, 219, 220, 226, 227, 230, 231, 232, 233, 235, 236, 237, 244, 245, 246, 247], "summary": {"covered_lines": 91, "num_statements": 91, "percent_covered": 100.0, "percent_covered_display": "100", "missing_lines": 0, "excluded_lines": 0, "percent_statements_covered": 100.0, "percent_statements_covered_display": "100"}, "missing_lines": [], "excluded_lines": [], "start_line": 89}, "HTTPError": {"executed_lines": [282, 283, 284], "summary": {"covered_lines": 3, "num_statements": 3, "percent_covered": 100.0, "percent_covered_display": "100", "missing_lines": 0, "excluded_lines": 0, "percent_statements_covered": 100.0, "percent_statements_covered_display": "100"}, "missing_lines": [], "excluded_lines": [], "start_line": 278}, "": {"executed_lines": [1, 2, 4, 5, 7, 8, 9, 12, 13, 21, 22, 23, 64, 65, 79, 80, 81, 82, 84, 85, 86, 89, 96, 98, 99, 102, 103, 106, 116, 127, 131, 149, 158, 185, 229, 250, 252, 253, 254, 257, 259, 262, 263, 265, 267, 268, 270, 271, 272, 273, 275, 278, 281, 287, 295, 297, 298, 299, 300, 301, 306, 312, 313, 314, 316, 317, 318, 320, 321, 322, 323, 324, 325, 326, 327, 328, 331, 338, 339, 340, 342, 343, 344, 346, 347, 348, 349, 350, 351, 352, 353, 354, 355, 356, 357, 358, 359, 360, 363, 364, 365, 368, 370, 371, 372, 373, 374, 375, 376, 377, 380, 387, 388, 390, 391, 392, 393, 394, 395, 396, 397, 399, 401, 402, 403, 404, 405, 407, 408, 409, 410, 411, 413, 414, 415, 416, 419, 420, 421, 422, 423, 426, 432, 433, 435, 436, 437, 439, 440, 441, 442, 443, 444, 445, 446, 447, 448, 449, 452, 454, 455, 456, 457, 458, 461, 462], "summary": {"covered_lines": 166, "num_statements": 166, "percent_covered": 100.0, "percent_covered_display": "100", "missing_lines": 0, "excluded_lines": 0, "percent_statements_covered": 100.0, "percent_statements_covered_display": "100"}, "missing_lines": [], "excluded_lines": [], "start_line": 1}}}, "asteri/http3.py": {"executed_lines": [1, 2, 3, 4, 5, 6, 7, 10, 17, 37, 38, 40, 41, 44, 45, 46, 48, 49, 50, 51, 53, 55, 56, 57, 58, 59, 61, 63, 64, 65, 66, 67, 70, 71, 72, 73, 74, 75, 77, 78, 79, 82, 83, 84, 85, 86, 88, 89, 90, 94, 95, 96, 97, 98, 100, 101, 102, 103, 104, 105, 107, 109, 110, 112, 114, 115, 117, 118, 119, 120, 121, 122, 123, 124, 125, 126, 128, 130, 131, 133, 134, 135, 136, 139, 140, 141, 142, 143, 144, 145, 147, 150, 153, 154, 155, 157, 158, 160, 161, 162, 163, 164, 165, 166, 169, 170, 171, 172, 174, 175, 176, 178, 179, 181, 184, 187, 188, 189, 191, 192, 193, 194, 195, 196, 197, 199, 200, 202, 203, 205, 207, 209, 210, 211, 212, 213, 214, 217, 218, 219, 220, 221, 223, 225, 226, 229, 230, 231, 233, 235, 236, 238, 239, 240, 241, 242, 243, 244, 245, 246, 249, 250, 251, 252, 255, 258, 259, 260, 261, 262, 264, 266, 267, 268, 270, 271, 272, 273, 275, 276, 277, 278, 279, 281, 283, 284, 289, 290, 291, 292, 293, 296, 297, 299, 300, 301, 303, 305, 307, 308, 309, 310, 311, 313, 315, 317, 320, 329, 330, 337, 338, 339, 341, 343, 344, 346, 353, 355, 358, 359, 360, 362, 364, 367, 373, 375, 377, 378, 381, 382, 383, 384, 388, 392, 394, 395, 396, 398, 400, 404, 406, 407, 408, 409, 412, 413, 414, 417, 419, 421, 423, 424, 426, 427, 428, 430, 432, 433, 434, 435, 438, 440, 444, 445, 447, 448, 453, 457, 458, 466, 469, 474, 479, 483, 485, 486, 487, 488, 489, 490, 491, 493, 494, 495, 498, 500, 501], "summary": {"covered_lines": 287, "num_statements": 287, "percent_covered": 100.0, "percent_covered_display": "100", "missing_lines": 0, "excluded_lines": 0, "percent_statements_covered": 100.0, "percent_statements_covered_display": "100"}, "missing_lines": [], "excluded_lines": [], "functions": {"QPACK.decode": {"executed_lines": [40, 41, 44, 45, 46, 48, 49, 50, 51, 53, 55, 56, 57, 58, 59, 61, 63, 64, 65, 66, 67, 70, 71, 72, 73, 74, 75, 77, 78, 79, 82, 83, 84, 85, 86, 88, 89, 90, 94, 95, 96, 97, 98, 100, 101, 102, 103, 104, 105, 107], "summary": {"covered_lines": 50, "num_statements": 50, "percent_covered": 100.0, "percent_covered_display": "100", "missing_lines": 0, "excluded_lines": 0, "percent_statements_covered": 100.0, "percent_statements_covered_display": "100"}, "missing_lines": [], "excluded_lines": [], "start_line": 38}, "QPACK.encode": {"executed_lines": [112, 114, 115, 117, 118, 119, 120, 121, 122, 123, 124, 125, 126, 128, 130, 131, 133, 134, 135, 136, 139, 140, 141, 142, 143, 144, 145, 147], "summary": {"covered_lines": 28, "num_statements": 28, "percent_covered": 100.0, "percent_covered_display": "100", "missing_lines": 0, "excluded_lines": 0, "percent_statements_covered": 100.0, "percent_statements_covered_display": "100"}, "missing_lines": [], "excluded_lines": [], "start_line": 110}, "H3Frame.parse": {"executed_lines": [160, 161, 162, 163, 164, 165, 166, 169, 170, 171, 172, 174, 175, 176], "summary": {"covered_lines": 14, "num_statements": 14, "percent_covered": 100.0, "percent_covered_display": "100", "missing_lines": 0, "excluded_lines": 0, "percent_statements_covered": 100.0, "percent_statements_covered_display": "100"}, "missing_lines": [], "excluded_lines": [], "start_line": 158}, "H3Frame.serialize": {"executed_lines": [181], "summary": {"covered_lines": 1, "num_statements": 1, "percent_covered": 100.0, "percent_covered_display": "100", "missing_lines": 0, "excluded_lines": 0, "percent_statements_covered": 100.0, "percent_statements_covered_display": "100"}, "missing_lines": [], "excluded_lines": [], "start_line": 179}, "QUICPacket.__init__": {"executed_lines": [192, 193, 194, 195, 196, 197], "summary": {"covered_lines": 6, "num_statements": 6, "percent_covered": 100.0, "percent_covered_display": "100", "missing_lines": 0, "excluded_lines": 0, "percent_statements_covered": 100.0, "percent_statements_covered_display": "100"}, "missing_lines": [], "excluded_lines": [], "start_line": 191}, "QUICPacket.parse": {"executed_lines": [202, 203, 205, 207, 209, 210, 211, 212, 213, 214, 217, 218, 219, 220, 221, 223, 225, 226, 229, 230, 231], "summary": {"covered_lines": 21, "num_statements": 21, "percent_covered": 100.0, "percent_covered_display": "100", "missing_lines": 0, "excluded_lines": 0, "percent_statements_covered": 100.0, "percent_statements_covered_display": "100"}, "missing_lines": [], "excluded_lines": [], "start_line": 200}, "QUICPacket.serialize": {"executed_lines": [235, 236, 238, 239, 240, 241, 242, 243, 244, 245, 246, 249, 250, 251, 252], "summary": {"covered_lines": 15, "num_statements": 15, "percent_covered": 100.0, "percent_covered_display": "100", "missing_lines": 0, "excluded_lines": 0, "percent_statements_covered": 100.0, "percent_statements_covered_display": "100"}, "missing_lines": [], "excluded_lines": [], "start_line": 233}, "HTTP3Handler.__init__": {"executed_lines": [259, 260, 261, 262], "summary": {"covered_lines": 4, "num_statements": 4, "percent_covered": 100.0, "percent_covered_display": "100", "missing_lines": 0, "excluded_lines": 0, "percent_statements_covered": 100.0, "percent_statements_covered_display": "100"}, "missing_lines": [], "excluded_lines": [], "start_line": 258}, "HTTP3Handler.start_sweeper": {"executed_lines": [266, 267, 268, 270, 275, 276, 277, 278, 279], "summary": {"covered_lines": 9, "num_statements": 9, "percent_covered": 100.0, "percent_covered_display": "100", "missing_lines": 0, "excluded_lines": 0, "percent_statements_covered": 100.0, "percent_statements_covered_display": "100"}, "missing_lines": [], "excluded_lines": [], "start_line": 264}, "HTTP3Handler.start_sweeper._sweep_loop": {"executed_lines": [271, 272, 273], "summary": {"covered_lines": 3, "num_statements": 3, "percent_covered": 100.0, "percent_covered_display": "100", "missing_lines": 0, "excluded_lines": 0, "percent_statements_covered": 100.0, "percent_statements_covered_display": "100"}, "missing_lines": [], "excluded_lines": [], "start_line": 270}, "HTTP3Handler.sweep_connections": {"executed_lines": [283, 284, 289, 290, 291, 292, 293], "summary": {"covered_lines": 7, "num_statements": 7, "percent_covered": 100.0, "percent_covered_display": "100", "missing_lines": 0, "excluded_lines": 0, "percent_statements_covered": 100.0, "percent_statements_covered_display": "100"}, "missing_lines": [], "excluded_lines": [], "start_line": 281}, "HTTP3Handler.is_h3_packet": {"executed_lines": [299, 300, 301, 303], "summary": {"covered_lines": 4, "num_statements": 4, "percent_covered": 100.0, "percent_covered_display": "100", "missing_lines": 0, "excluded_lines": 0, "percent_statements_covered": 100.0, "percent_statements_covered_display": "100"}, "missing_lines": [], "excluded_lines": [], "start_line": 297}, "HTTP3Handler.handle_packet": {"executed_lines": [307, 308, 309, 310, 311, 313, 315, 317, 320, 329, 330, 337, 338, 339, 341, 343, 344, 346, 353, 355, 358, 359, 360, 362, 364, 367, 373, 375, 377, 378, 381, 382, 383, 384, 388, 392, 394, 395, 396, 398], "summary": {"covered_lines": 40, "num_statements": 40, "percent_covered": 100.0, "percent_covered_display": "100", "missing_lines": 0, "excluded_lines": 0, "percent_statements_covered": 100.0, "percent_statements_covered_display": "100"}, "missing_lines": [], "excluded_lines": [], "start_line": 305}, "HTTP3Handler.dispatch_asgi": {"executed_lines": [404, 406, 407, 408, 409, 412, 413, 414, 417, 421, 483, 485, 486, 487, 488, 489, 490, 491, 493, 494, 495], "summary": {"covered_lines": 21, "num_statements": 21, "percent_covered": 100.0, "percent_covered_display": "100", "missing_lines": 0, "excluded_lines": 0, "percent_statements_covered": 100.0, "percent_statements_covered_display": "100"}, "missing_lines": [], "excluded_lines": [], "start_line": 400}, "HTTP3Handler.dispatch_asgi.receive": {"executed_lines": [419], "summary": {"covered_lines": 1, "num_statements": 1, "percent_covered": 100.0, "percent_covered_display": "100", "missing_lines": 0, "excluded_lines": 0, "percent_statements_covered": 100.0, "percent_statements_covered_display": "100"}, "missing_lines": [], "excluded_lines": [], "start_line": 417}, "HTTP3Handler.dispatch_asgi.send": {"executed_lines": [423, 424, 426, 427, 428, 430, 432, 433, 434, 435, 438, 440, 444, 445, 447, 448, 453, 457, 458, 466, 469, 474, 479], "summary": {"covered_lines": 23, "num_statements": 23, "percent_covered": 100.0, "percent_covered_display": "100", "missing_lines": 0, "excluded_lines": 0, "percent_statements_covered": 100.0, "percent_statements_covered_display": "100"}, "missing_lines": [], "excluded_lines": [], "start_line": 421}, "HTTP3Handler.build_h3_asgi_scope": {"executed_lines": [500, 501], "summary": {"covered_lines": 2, "num_statements": 2, "percent_covered": 100.0, "percent_covered_display": "100", "missing_lines": 0, "excluded_lines": 0, "percent_statements_covered": 100.0, "percent_statements_covered_display": "100"}, "missing_lines": [], "excluded_lines": [], "start_line": 498}, "": {"executed_lines": [1, 2, 3, 4, 5, 6, 7, 10, 17, 37, 38, 109, 110, 150, 153, 154, 155, 157, 158, 178, 179, 184, 187, 188, 189, 191, 199, 200, 233, 255, 258, 264, 281, 296, 297, 305, 400, 498], "summary": {"covered_lines": 38, "num_statements": 38, "percent_covered": 100.0, "percent_covered_display": "100", "missing_lines": 0, "excluded_lines": 0, "percent_statements_covered": 100.0, "percent_statements_covered_display": "100"}, "missing_lines": [], "excluded_lines": [], "start_line": 1}}, "classes": {"QPACK": {"executed_lines": [40, 41, 44, 45, 46, 48, 49, 50, 51, 53, 55, 56, 57, 58, 59, 61, 63, 64, 65, 66, 67, 70, 71, 72, 73, 74, 75, 77, 78, 79, 82, 83, 84, 85, 86, 88, 89, 90, 94, 95, 96, 97, 98, 100, 101, 102, 103, 104, 105, 107, 112, 114, 115, 117, 118, 119, 120, 121, 122, 123, 124, 125, 126, 128, 130, 131, 133, 134, 135, 136, 139, 140, 141, 142, 143, 144, 145, 147], "summary": {"covered_lines": 78, "num_statements": 78, "percent_covered": 100.0, "percent_covered_display": "100", "missing_lines": 0, "excluded_lines": 0, "percent_statements_covered": 100.0, "percent_statements_covered_display": "100"}, "missing_lines": [], "excluded_lines": [], "start_line": 10}, "H3Frame": {"executed_lines": [160, 161, 162, 163, 164, 165, 166, 169, 170, 171, 172, 174, 175, 176, 181], "summary": {"covered_lines": 15, "num_statements": 15, "percent_covered": 100.0, "percent_covered_display": "100", "missing_lines": 0, "excluded_lines": 0, "percent_statements_covered": 100.0, "percent_statements_covered_display": "100"}, "missing_lines": [], "excluded_lines": [], "start_line": 150}, "QUICPacket": {"executed_lines": [192, 193, 194, 195, 196, 197, 202, 203, 205, 207, 209, 210, 211, 212, 213, 214, 217, 218, 219, 220, 221, 223, 225, 226, 229, 230, 231, 235, 236, 238, 239, 240, 241, 242, 243, 244, 245, 246, 249, 250, 251, 252], "summary": {"covered_lines": 42, "num_statements": 42, "percent_covered": 100.0, "percent_covered_display": "100", "missing_lines": 0, "excluded_lines": 0, "percent_statements_covered": 100.0, "percent_statements_covered_display": "100"}, "missing_lines": [], "excluded_lines": [], "start_line": 184}, "HTTP3Handler": {"executed_lines": [259, 260, 261, 262, 266, 267, 268, 270, 271, 272, 273, 275, 276, 277, 278, 279, 283, 284, 289, 290, 291, 292, 293, 299, 300, 301, 303, 307, 308, 309, 310, 311, 313, 315, 317, 320, 329, 330, 337, 338, 339, 341, 343, 344, 346, 353, 355, 358, 359, 360, 362, 364, 367, 373, 375, 377, 378, 381, 382, 383, 384, 388, 392, 394, 395, 396, 398, 404, 406, 407, 408, 409, 412, 413, 414, 417, 419, 421, 423, 424, 426, 427, 428, 430, 432, 433, 434, 435, 438, 440, 444, 445, 447, 448, 453, 457, 458, 466, 469, 474, 479, 483, 485, 486, 487, 488, 489, 490, 491, 493, 494, 495, 500, 501], "summary": {"covered_lines": 114, "num_statements": 114, "percent_covered": 100.0, "percent_covered_display": "100", "missing_lines": 0, "excluded_lines": 0, "percent_statements_covered": 100.0, "percent_statements_covered_display": "100"}, "missing_lines": [], "excluded_lines": [], "start_line": 255}, "": {"executed_lines": [1, 2, 3, 4, 5, 6, 7, 10, 17, 37, 38, 109, 110, 150, 153, 154, 155, 157, 158, 178, 179, 184, 187, 188, 189, 191, 199, 200, 233, 255, 258, 264, 281, 296, 297, 305, 400, 498], "summary": {"covered_lines": 38, "num_statements": 38, "percent_covered": 100.0, "percent_covered_display": "100", "missing_lines": 0, "excluded_lines": 0, "percent_statements_covered": 100.0, "percent_statements_covered_display": "100"}, "missing_lines": [], "excluded_lines": [], "start_line": 1}}}, "asteri/utils.py": {"executed_lines": [1, 2, 3, 4, 5, 6, 7, 10, 18, 19, 20, 21, 23, 24, 25, 26, 27, 29, 30, 31, 32, 33, 34, 35, 36, 37, 39, 40, 41, 42, 43, 45, 46, 48, 49, 50, 51, 52, 54, 55, 58, 59, 60, 61, 62, 63, 64, 65, 66, 67, 68, 71, 72, 73, 80, 81, 83, 86, 88, 89, 91, 92, 93, 96, 97, 98, 99, 102, 103, 104, 108, 109, 111, 114, 115, 116, 117, 118, 120, 121, 122, 124, 125, 127, 128, 130, 133, 136, 138, 139, 140, 143, 145, 146, 147, 150, 153, 154, 156, 157, 158, 160, 162, 163, 164, 165, 168, 169, 170, 172, 175, 176, 179, 180, 185, 188, 190, 191, 193, 194, 196, 199, 201, 202, 203, 205, 206, 207, 208, 209, 210, 213, 216, 218, 221, 224, 225, 227, 228, 229, 230, 232, 233, 234, 235, 236, 238, 239, 241, 242, 244, 245, 248, 253, 254, 255, 256, 257, 258, 259, 260, 261, 262, 263, 264, 265, 267, 268, 269, 270, 271, 272, 273, 275, 276, 278, 279, 280, 281, 282, 283, 284, 285, 287, 288, 289, 290, 291, 293, 296, 298, 299, 300, 301, 302, 303, 304, 305, 306, 307, 309, 310, 311, 314, 316, 317, 318, 319, 320, 321, 322, 324, 325, 326, 327, 328, 329, 330, 331, 332, 333, 334, 336, 337, 338, 339, 340, 341, 343, 344, 346, 347, 349, 350, 352, 354, 357, 359, 360, 361, 363, 364, 366, 460], "summary": {"covered_lines": 244, "num_statements": 244, "percent_covered": 100.0, "percent_covered_display": "100", "missing_lines": 0, "excluded_lines": 0, "percent_statements_covered": 100.0, "percent_statements_covered_display": "100"}, "missing_lines": [], "excluded_lines": [], "functions": {"NonBlockingStream.__init__": {"executed_lines": [19, 20, 21, 23, 24, 25, 26, 27], "summary": {"covered_lines": 8, "num_statements": 8, "percent_covered": 100.0, "percent_covered_display": "100", "missing_lines": 0, "excluded_lines": 0, "percent_statements_covered": 100.0, "percent_statements_covered_display": "100"}, "missing_lines": [], "excluded_lines": [], "start_line": 18}, "NonBlockingStream.write": {"executed_lines": [30, 31, 32, 33, 34, 35, 36, 37], "summary": {"covered_lines": 8, "num_statements": 8, "percent_covered": 100.0, "percent_covered_display": "100", "missing_lines": 0, "excluded_lines": 0, "percent_statements_covered": 100.0, "percent_statements_covered_display": "100"}, "missing_lines": [], "excluded_lines": [], "start_line": 29}, "NonBlockingStream.flush": {"executed_lines": [40, 41, 42, 43], "summary": {"covered_lines": 4, "num_statements": 4, "percent_covered": 100.0, "percent_covered_display": "100", "missing_lines": 0, "excluded_lines": 0, "percent_statements_covered": 100.0, "percent_statements_covered_display": "100"}, "missing_lines": [], "excluded_lines": [], "start_line": 39}, "NonBlockingStream.fileno": {"executed_lines": [46], "summary": {"covered_lines": 1, "num_statements": 1, "percent_covered": 100.0, "percent_covered_display": "100", "missing_lines": 0, "excluded_lines": 0, "percent_statements_covered": 100.0, "percent_statements_covered_display": "100"}, "missing_lines": [], "excluded_lines": [], "start_line": 45}, "NonBlockingStream.isatty": {"executed_lines": [49, 50, 51, 52], "summary": {"covered_lines": 4, "num_statements": 4, "percent_covered": 100.0, "percent_covered_display": "100", "missing_lines": 0, "excluded_lines": 0, "percent_statements_covered": 100.0, "percent_statements_covered_display": "100"}, "missing_lines": [], "excluded_lines": [], "start_line": 48}, "NonBlockingStream.__getattr__": {"executed_lines": [55], "summary": {"covered_lines": 1, "num_statements": 1, "percent_covered": 100.0, "percent_covered_display": "100", "missing_lines": 0, "excluded_lines": 0, "percent_statements_covered": 100.0, "percent_statements_covered_display": "100"}, "missing_lines": [], "excluded_lines": [], "start_line": 54}, "PrettyFormatter.format": {"executed_lines": [73, 80, 81, 83], "summary": {"covered_lines": 4, "num_statements": 4, "percent_covered": 100.0, "percent_covered_display": "100", "missing_lines": 0, "excluded_lines": 0, "percent_statements_covered": 100.0, "percent_statements_covered_display": "100"}, "missing_lines": [], "excluded_lines": [], "start_line": 72}, "setup_logging": {"executed_lines": [88, 89, 91, 92, 93, 96, 97, 98, 99, 102, 103, 104, 108, 109, 111, 114, 115, 120, 124, 127, 128, 130], "summary": {"covered_lines": 22, "num_statements": 22, "percent_covered": 100.0, "percent_covered_display": "100", "missing_lines": 0, "excluded_lines": 0, "percent_statements_covered": 100.0, "percent_statements_covered_display": "100"}, "missing_lines": [], "excluded_lines": [], "start_line": 86}, "setup_logging.StreamToLogger.__init__": {"executed_lines": [116, 117, 118], "summary": {"covered_lines": 3, "num_statements": 3, "percent_covered": 100.0, "percent_covered_display": "100", "missing_lines": 0, "excluded_lines": 0, "percent_statements_covered": 100.0, "percent_statements_covered_display": "100"}, "missing_lines": [], "excluded_lines": [], "start_line": 115}, "setup_logging.StreamToLogger.write": {"executed_lines": [121, 122], "summary": {"covered_lines": 2, "num_statements": 2, "percent_covered": 100.0, "percent_covered_display": "100", "missing_lines": 0, "excluded_lines": 0, "percent_statements_covered": 100.0, "percent_statements_covered_display": "100"}, "missing_lines": [], "excluded_lines": [], "start_line": 120}, "setup_logging.StreamToLogger.flush": {"executed_lines": [125], "summary": {"covered_lines": 1, "num_statements": 1, "percent_covered": 100.0, "percent_covered_display": "100", "missing_lines": 0, "excluded_lines": 0, "percent_statements_covered": 100.0, "percent_statements_covered_display": "100"}, "missing_lines": [], "excluded_lines": [], "start_line": 124}, "NoColorFormatter.format": {"executed_lines": [139, 140], "summary": {"covered_lines": 2, "num_statements": 2, "percent_covered": 100.0, "percent_covered_display": "100", "missing_lines": 0, "excluded_lines": 0, "percent_statements_covered": 100.0, "percent_statements_covered_display": "100"}, "missing_lines": [], "excluded_lines": [], "start_line": 138}, "setup_access_logging": {"executed_lines": [145, 146, 147, 150, 153, 154, 156, 157, 158, 160, 162, 163, 164, 165, 168, 169, 170, 172], "summary": {"covered_lines": 18, "num_statements": 18, "percent_covered": 100.0, "percent_covered_display": "100", "missing_lines": 0, "excluded_lines": 0, "percent_statements_covered": 100.0, "percent_statements_covered_display": "100"}, "missing_lines": [], "excluded_lines": [], "start_line": 143}, "print_banner": {"executed_lines": [180, 185], "summary": {"covered_lines": 2, "num_statements": 2, "percent_covered": 100.0, "percent_covered_display": "100", "missing_lines": 0, "excluded_lines": 0, "percent_statements_covered": 100.0, "percent_statements_covered_display": "100"}, "missing_lines": [], "excluded_lines": [], "start_line": 179}, "set_proctitle": {"executed_lines": [190, 191, 193, 194, 196], "summary": {"covered_lines": 5, "num_statements": 5, "percent_covered": 100.0, "percent_covered_display": "100", "missing_lines": 0, "excluded_lines": 0, "percent_statements_covered": 100.0, "percent_statements_covered_display": "100"}, "missing_lines": [], "excluded_lines": [], "start_line": 188}, "import_app": {"executed_lines": [201, 202, 203, 205, 206, 207, 208, 209, 210, 213], "summary": {"covered_lines": 10, "num_statements": 10, "percent_covered": 100.0, "percent_covered_display": "100", "missing_lines": 0, "excluded_lines": 0, "percent_statements_covered": 100.0, "percent_statements_covered_display": "100"}, "missing_lines": [], "excluded_lines": [], "start_line": 199}, "get_num_workers": {"executed_lines": [218], "summary": {"covered_lines": 1, "num_statements": 1, "percent_covered": 100.0, "percent_covered_display": "100", "missing_lines": 0, "excluded_lines": 0, "percent_statements_covered": 100.0, "percent_statements_covered_display": "100"}, "missing_lines": [], "excluded_lines": [], "start_line": 216}, "StatsdClient.__init__": {"executed_lines": [225, 227, 228, 229, 230], "summary": {"covered_lines": 5, "num_statements": 5, "percent_covered": 100.0, "percent_covered_display": "100", "missing_lines": 0, "excluded_lines": 0, "percent_statements_covered": 100.0, "percent_statements_covered_display": "100"}, "missing_lines": [], "excluded_lines": [], "start_line": 224}, "StatsdClient._send": {"executed_lines": [233, 234, 235, 236], "summary": {"covered_lines": 4, "num_statements": 4, "percent_covered": 100.0, "percent_covered_display": "100", "missing_lines": 0, "excluded_lines": 0, "percent_statements_covered": 100.0, "percent_statements_covered_display": "100"}, "missing_lines": [], "excluded_lines": [], "start_line": 232}, "StatsdClient.increment": {"executed_lines": [239], "summary": {"covered_lines": 1, "num_statements": 1, "percent_covered": 100.0, "percent_covered_display": "100", "missing_lines": 0, "excluded_lines": 0, "percent_statements_covered": 100.0, "percent_statements_covered_display": "100"}, "missing_lines": [], "excluded_lines": [], "start_line": 238}, "StatsdClient.gauge": {"executed_lines": [242], "summary": {"covered_lines": 1, "num_statements": 1, "percent_covered": 100.0, "percent_covered_display": "100", "missing_lines": 0, "excluded_lines": 0, "percent_statements_covered": 100.0, "percent_statements_covered_display": "100"}, "missing_lines": [], "excluded_lines": [], "start_line": 241}, "StatsdClient.timing": {"executed_lines": [245], "summary": {"covered_lines": 1, "num_statements": 1, "percent_covered": 100.0, "percent_covered_display": "100", "missing_lines": 0, "excluded_lines": 0, "percent_statements_covered": 100.0, "percent_statements_covered_display": "100"}, "missing_lines": [], "excluded_lines": [], "start_line": 244}, "parse_proxy_protocol": {"executed_lines": [253, 254, 255, 256, 257, 258, 259, 260, 261, 262, 263, 264, 265, 267, 268, 269, 270, 271, 272, 273, 275, 276, 278, 279, 280, 281, 282, 283, 284, 285, 287, 288, 289, 290, 291, 293], "summary": {"covered_lines": 36, "num_statements": 36, "percent_covered": 100.0, "percent_covered_display": "100", "missing_lines": 0, "excluded_lines": 0, "percent_statements_covered": 100.0, "percent_statements_covered_display": "100"}, "missing_lines": [], "excluded_lines": [], "start_line": 248}, "make_websocket_frame": {"executed_lines": [298, 299, 300, 301, 302, 303, 304, 305, 306, 307, 309, 310, 311], "summary": {"covered_lines": 13, "num_statements": 13, "percent_covered": 100.0, "percent_covered_display": "100", "missing_lines": 0, "excluded_lines": 0, "percent_statements_covered": 100.0, "percent_statements_covered_display": "100"}, "missing_lines": [], "excluded_lines": [], "start_line": 296}, "parse_websocket_frame": {"executed_lines": [316, 317, 318, 319, 320, 321, 322, 324, 325, 326, 327, 328, 329, 330, 331, 332, 333, 334, 336, 337, 338, 339, 340, 341, 343, 344, 346, 347, 349, 350, 352, 354], "summary": {"covered_lines": 32, "num_statements": 32, "percent_covered": 100.0, "percent_covered_display": "100", "missing_lines": 0, "excluded_lines": 0, "percent_statements_covered": 100.0, "percent_statements_covered_display": "100"}, "missing_lines": [], "excluded_lines": [], "start_line": 314}, "build_status_html": {"executed_lines": [359, 360, 361, 363, 364, 366, 460], "summary": {"covered_lines": 7, "num_statements": 7, "percent_covered": 100.0, "percent_covered_display": "100", "missing_lines": 0, "excluded_lines": 0, "percent_statements_covered": 100.0, "percent_statements_covered_display": "100"}, "missing_lines": [], "excluded_lines": [], "start_line": 357}, "": {"executed_lines": [1, 2, 3, 4, 5, 6, 7, 10, 18, 29, 39, 45, 48, 54, 58, 59, 60, 61, 62, 63, 64, 65, 66, 67, 68, 71, 72, 86, 133, 136, 138, 143, 175, 176, 179, 188, 199, 216, 221, 224, 232, 238, 241, 244, 248, 296, 314, 357], "summary": {"covered_lines": 48, "num_statements": 48, "percent_covered": 100.0, "percent_covered_display": "100", "missing_lines": 0, "excluded_lines": 0, "percent_statements_covered": 100.0, "percent_statements_covered_display": "100"}, "missing_lines": [], "excluded_lines": [], "start_line": 1}}, "classes": {"NonBlockingStream": {"executed_lines": [19, 20, 21, 23, 24, 25, 26, 27, 30, 31, 32, 33, 34, 35, 36, 37, 40, 41, 42, 43, 46, 49, 50, 51, 52, 55], "summary": {"covered_lines": 26, "num_statements": 26, "percent_covered": 100.0, "percent_covered_display": "100", "missing_lines": 0, "excluded_lines": 0, "percent_statements_covered": 100.0, "percent_statements_covered_display": "100"}, "missing_lines": [], "excluded_lines": [], "start_line": 10}, "Colors": {"executed_lines": [], "summary": {"covered_lines": 0, "num_statements": 0, "percent_covered": 100.0, "percent_covered_display": "100", "missing_lines": 0, "excluded_lines": 0, "percent_statements_covered": 100.0, "percent_statements_covered_display": "100"}, "missing_lines": [], "excluded_lines": [], "start_line": 58}, "PrettyFormatter": {"executed_lines": [73, 80, 81, 83], "summary": {"covered_lines": 4, "num_statements": 4, "percent_covered": 100.0, "percent_covered_display": "100", "missing_lines": 0, "excluded_lines": 0, "percent_statements_covered": 100.0, "percent_statements_covered_display": "100"}, "missing_lines": [], "excluded_lines": [], "start_line": 71}, "setup_logging.StreamToLogger": {"executed_lines": [116, 117, 118, 121, 122, 125], "summary": {"covered_lines": 6, "num_statements": 6, "percent_covered": 100.0, "percent_covered_display": "100", "missing_lines": 0, "excluded_lines": 0, "percent_statements_covered": 100.0, "percent_statements_covered_display": "100"}, "missing_lines": [], "excluded_lines": [], "start_line": 114}, "NoColorFormatter": {"executed_lines": [139, 140], "summary": {"covered_lines": 2, "num_statements": 2, "percent_covered": 100.0, "percent_covered_display": "100", "missing_lines": 0, "excluded_lines": 0, "percent_statements_covered": 100.0, "percent_statements_covered_display": "100"}, "missing_lines": [], "excluded_lines": [], "start_line": 133}, "StatsdClient": {"executed_lines": [225, 227, 228, 229, 230, 233, 234, 235, 236, 239, 242, 245], "summary": {"covered_lines": 12, "num_statements": 12, "percent_covered": 100.0, "percent_covered_display": "100", "missing_lines": 0, "excluded_lines": 0, "percent_statements_covered": 100.0, "percent_statements_covered_display": "100"}, "missing_lines": [], "excluded_lines": [], "start_line": 221}, "": {"executed_lines": [1, 2, 3, 4, 5, 6, 7, 10, 18, 29, 39, 45, 48, 54, 58, 59, 60, 61, 62, 63, 64, 65, 66, 67, 68, 71, 72, 86, 88, 89, 91, 92, 93, 96, 97, 98, 99, 102, 103, 104, 108, 109, 111, 114, 115, 120, 124, 127, 128, 130, 133, 136, 138, 143, 145, 146, 147, 150, 153, 154, 156, 157, 158, 160, 162, 163, 164, 165, 168, 169, 170, 172, 175, 176, 179, 180, 185, 188, 190, 191, 193, 194, 196, 199, 201, 202, 203, 205, 206, 207, 208, 209, 210, 213, 216, 218, 221, 224, 232, 238, 241, 244, 248, 253, 254, 255, 256, 257, 258, 259, 260, 261, 262, 263, 264, 265, 267, 268, 269, 270, 271, 272, 273, 275, 276, 278, 279, 280, 281, 282, 283, 284, 285, 287, 288, 289, 290, 291, 293, 296, 298, 299, 300, 301, 302, 303, 304, 305, 306, 307, 309, 310, 311, 314, 316, 317, 318, 319, 320, 321, 322, 324, 325, 326, 327, 328, 329, 330, 331, 332, 333, 334, 336, 337, 338, 339, 340, 341, 343, 344, 346, 347, 349, 350, 352, 354, 357, 359, 360, 361, 363, 364, 366, 460], "summary": {"covered_lines": 194, "num_statements": 194, "percent_covered": 100.0, "percent_covered_display": "100", "missing_lines": 0, "excluded_lines": 0, "percent_statements_covered": 100.0, "percent_statements_covered_display": "100"}, "missing_lines": [], "excluded_lines": [], "start_line": 1}}}, "asteri/uwsgi.py": {"executed_lines": [1, 2, 4, 5, 7, 8, 9, 12, 15, 16, 21, 22, 23, 24, 25, 26, 27, 29, 30, 32, 35, 36, 38, 39, 41, 42, 43, 44, 45, 46, 47, 48, 49, 50, 52, 53, 54, 55, 56, 57, 58, 59, 61, 63, 65, 66, 68, 69, 71], "summary": {"covered_lines": 49, "num_statements": 49, "percent_covered": 100.0, "percent_covered_display": "100", "missing_lines": 0, "excluded_lines": 0, "percent_statements_covered": 100.0, "percent_statements_covered_display": "100"}, "missing_lines": [], "excluded_lines": [], "functions": {"UWSGIHandler.parse": {"executed_lines": [21, 22, 23, 24, 25, 26, 27, 29, 30, 32, 35, 36, 38, 39, 41, 42, 43, 44, 45, 46, 47, 48, 49, 50, 52, 53, 54, 55, 56, 57, 58, 59, 61, 63], "summary": {"covered_lines": 34, "num_statements": 34, "percent_covered": 100.0, "percent_covered_display": "100", "missing_lines": 0, "excluded_lines": 0, "percent_statements_covered": 100.0, "percent_statements_covered_display": "100"}, "missing_lines": [], "excluded_lines": [], "start_line": 16}, "UWSGIHandler.is_uwsgi": {"executed_lines": [68, 69, 71], "summary": {"covered_lines": 3, "num_statements": 3, "percent_covered": 100.0, "percent_covered_display": "100", "missing_lines": 0, "excluded_lines": 0, "percent_statements_covered": 100.0, "percent_statements_covered_display": "100"}, "missing_lines": [], "excluded_lines": [], "start_line": 66}, "": {"executed_lines": [1, 2, 4, 5, 7, 8, 9, 12, 15, 16, 65, 66], "summary": {"covered_lines": 12, "num_statements": 12, "percent_covered": 100.0, "percent_covered_display": "100", "missing_lines": 0, "excluded_lines": 0, "percent_statements_covered": 100.0, "percent_statements_covered_display": "100"}, "missing_lines": [], "excluded_lines": [], "start_line": 1}}, "classes": {"UWSGIHandler": {"executed_lines": [21, 22, 23, 24, 25, 26, 27, 29, 30, 32, 35, 36, 38, 39, 41, 42, 43, 44, 45, 46, 47, 48, 49, 50, 52, 53, 54, 55, 56, 57, 58, 59, 61, 63, 68, 69, 71], "summary": {"covered_lines": 37, "num_statements": 37, "percent_covered": 100.0, "percent_covered_display": "100", "missing_lines": 0, "excluded_lines": 0, "percent_statements_covered": 100.0, "percent_statements_covered_display": "100"}, "missing_lines": [], "excluded_lines": [], "start_line": 12}, "": {"executed_lines": [1, 2, 4, 5, 7, 8, 9, 12, 15, 16, 65, 66], "summary": {"covered_lines": 12, "num_statements": 12, "percent_covered": 100.0, "percent_covered_display": "100", "missing_lines": 0, "excluded_lines": 0, "percent_statements_covered": 100.0, "percent_statements_covered_display": "100"}, "missing_lines": [], "excluded_lines": [], "start_line": 1}}}, "asteri/workers/__init__.py": {"executed_lines": [], "summary": {"covered_lines": 0, "num_statements": 0, "percent_covered": 100.0, "percent_covered_display": "100", "missing_lines": 0, "excluded_lines": 0, "percent_statements_covered": 100.0, "percent_statements_covered_display": "100"}, "missing_lines": [], "excluded_lines": [], "functions": {"": {"executed_lines": [], "summary": {"covered_lines": 0, "num_statements": 0, "percent_covered": 100.0, "percent_covered_display": "100", "missing_lines": 0, "excluded_lines": 0, "percent_statements_covered": 100.0, "percent_statements_covered_display": "100"}, "missing_lines": [], "excluded_lines": [], "start_line": 1}}, "classes": {"": {"executed_lines": [], "summary": {"covered_lines": 0, "num_statements": 0, "percent_covered": 100.0, "percent_covered_display": "100", "missing_lines": 0, "excluded_lines": 0, "percent_statements_covered": 100.0, "percent_statements_covered_display": "100"}, "missing_lines": [], "excluded_lines": [], "start_line": 1}}}, "asteri/workers/asgi.py": {"executed_lines": [1, 2, 3, 4, 5, 6, 15, 18, 19, 23, 24, 26, 27, 28, 29, 30, 31, 33, 34, 35, 36, 38, 40, 41, 42, 43, 44, 45, 47, 48, 49, 50, 51, 53, 55, 56, 57, 58, 60, 62, 63, 65, 66, 67, 68, 69, 70, 74, 75, 76, 77, 78, 79, 80, 81, 82, 83, 84, 85, 86, 87, 88, 93, 94, 96, 97, 98, 99, 102, 103, 107, 108, 109, 110, 111, 112, 114, 115, 116, 118, 121, 126, 128, 129, 131, 132, 133, 134, 142, 144, 145, 147, 148, 149, 150, 151, 152, 153, 154, 156, 157, 158, 159, 161, 162, 163, 164, 165, 166, 169, 170, 171, 174, 175, 176, 179, 180, 181, 183, 184, 185, 186, 187, 188, 190, 191, 192, 195, 196, 197, 198, 199, 201, 205, 210, 211, 212, 214, 215, 216, 217, 219, 220, 226, 228, 229, 230, 231, 232, 233, 235, 237, 238, 239, 242, 243, 244, 245, 246, 247, 248, 251, 252, 253, 254, 255, 260, 263, 270, 274, 275, 276, 277, 278, 279, 280, 281, 282, 284, 286, 287, 288, 289, 290, 292, 294, 295, 297, 299, 300, 301, 302, 303, 304, 305, 306, 307, 308, 309, 310, 311, 312, 313, 314, 315, 316, 317, 318, 319, 320, 321, 322, 323, 324, 325, 326, 327, 328, 329, 330, 331, 332, 333, 334, 335, 337, 338, 339, 340, 341, 342, 343, 344, 346, 348, 349, 351, 352, 353, 354, 355, 356, 357, 358, 359, 360, 362, 363, 364, 370, 372, 373, 375, 376, 377, 381, 388, 389, 391, 393, 395, 397, 398, 399, 400, 401, 402, 403, 405, 4
[...]
], "summary": {"covered_lines": 7, "num_statements": 7, "percent_covered": 100.0, "percent_covered_display": "100", "missing_lines": 0, "excluded_lines": 0, "percent_statements_covered": 100.0, "percent_statements_covered_display": "100"}, "missing_lines": [], "excluded_lines": [], "start_line": 41}, "": {"executed_lines": [1, 2, 3, 5, 6, 7, 8, 10, 11, 12, 15, 16, 19, 29], "summary": {"covered_lines": 14, "num_statements": 14, "percent_covered": 100.0, "percent_covered_display": "100", "missing_lines": 0, "excluded_lines": 0, "percent_statements_covered": 100.0, "percent_statements_covered_display": "100"}, "missing_lines": [], "excluded_lines": [], "start_line": 1}}, "classes": {"GeventWorker": {"executed_lines": [17, 20, 21, 26, 27, 30, 31, 34, 37, 38, 40, 41, 42, 43, 44, 45, 47, 48, 50, 52, 54, 55, 58, 59, 60, 61, 62, 64, 65], "summary": {"covered_lines": 29, "num_statements": 29, "percent_covered": 100.0, "percent_covered_display": "100", "missing_lines": 0, "excluded_lines": 0, "percent_statements_covered": 100.0, "percent_statements_covered_display": "100"}, "missing_lines": [], "excluded_lines": [], "start_line": 15}, "": {"executed_lines": [1, 2, 3, 5, 6, 7, 8, 10, 11, 12, 15, 16, 19, 29], "summary": {"covered_lines": 14, "num_statements": 14, "percent_covered": 100.0, "percent_covered_display": "100", "missing_lines": 0, "excluded_lines": 0, "percent_statements_covered": 100.0, "percent_statements_covered_display": "100"}, "missing_lines": [], "excluded_lines": [], "start_line": 1}}}, "asteri/workers/gthread.py": {"executed_lines": [1, 2, 3, 4, 5, 6, 9, 10, 11, 12, 14, 17, 18, 19, 21, 23, 24, 25, 29, 30, 31, 32, 33, 34, 35, 37, 38, 39, 40, 41, 42, 43, 45], "summary": {"covered_lines": 33, "num_statements": 33, "percent_covered": 100.0, "percent_covered_display": "100", "missing_lines": 0, "excluded_lines": 0, "percent_statements_covered": 100.0, "percent_statements_covered_display": "100"}, "missing_lines": [], "excluded_lines": [], "functions": {"GThreadWorker.__init__": {"executed_lines": [11, 12], "summary": {"covered_lines": 2, "num_statements": 2, "percent_covered": 100.0, "percent_covered_display": "100", "missing_lines": 0, "excluded_lines": 0, "percent_statements_covered": 100.0, "percent_statements_covered_display": "100"}, "missing_lines": [], "excluded_lines": [], "start_line": 10}, "GThreadWorker.run": {"executed_lines": [17, 18, 19, 21, 23, 24, 25, 29, 30, 31, 32, 33, 34, 35], "summary": {"covered_lines": 14, "num_statements": 14, "percent_covered": 100.0, "percent_covered_display": "100", "missing_lines": 0, "excluded_lines": 0, "percent_statements_covered": 100.0, "percent_statements_covered_display": "100"}, "missing_lines": [], "excluded_lines": [], "start_line": 14}, "GThreadWorker._run_guarded": {"executed_lines": [38, 39, 40, 41, 42, 43, 45], "summary": {"covered_lines": 7, "num_statements": 7, "percent_covered": 100.0, "percent_covered_display": "100", "missing_lines": 0, "excluded_lines": 0, "percent_statements_covered": 100.0, "percent_statements_covered_display": "100"}, "missing_lines": [], "excluded_lines": [], "start_line": 37}, "": {"executed_lines": [1, 2, 3, 4, 5, 6, 9, 10, 14, 37], "summary": {"covered_lines": 10, "num_statements": 10, "percent_covered": 100.0, "percent_covered_display": "100", "missing_lines": 0, "excluded_lines": 0, "percent_statements_covered": 100.0, "percent_statements_covered_display": "100"}, "missing_lines": [], "excluded_lines": [], "start_line": 1}}, "classes": {"GThreadWorker": {"executed_lines": [11, 12, 17, 18, 19, 21, 23, 24, 25, 29, 30, 31, 32, 33, 34, 35, 38, 39, 40, 41, 42, 43, 45], "summary": {"covered_lines": 23, "num_statements": 23, "percent_covered": 100.0, "percent_covered_display": "100", "missing_lines": 0, "excluded_lines": 0, "percent_statements_covered": 100.0, "percent_statements_covered_display": "100"}, "missing_lines": [], "excluded_lines": [], "start_line": 9}, "": {"executed_lines": [1, 2, 3, 4, 5, 6, 9, 10, 14, 37], "summary": {"covered_lines": 10, "num_statements": 10, "percent_covered": 100.0, "percent_covered_display": "100", "missing_lines": 0, "excluded_lines": 0, "percent_statements_covered": 100.0, "percent_statements_covered_display": "100"}, "missing_lines": [], "excluded_lines": [], "start_line": 1}}}, "asteri/workers/sync.py": {"executed_lines": [1, 2, 3, 4, 5, 6, 7, 8, 9, 10, 11, 12, 15, 16, 21, 22, 24, 26, 27, 28, 29, 30, 31, 32, 33, 34, 35, 37, 38, 39, 43, 48, 49, 52, 53, 54, 56, 57, 58, 59, 60, 61, 63, 65, 67, 69, 74, 75, 76, 77, 78, 79, 80, 81, 82, 83, 85, 105, 106, 107, 108, 109, 110, 112, 113, 115, 116, 117, 119, 120, 121, 122, 124, 125, 126, 128, 129, 130, 131, 133, 134, 135, 137, 139, 144, 148, 149, 150, 151, 152, 153, 154, 155, 159, 162, 163, 164, 166, 167, 168, 169, 170, 171, 172, 173, 174, 175, 177, 178, 179, 180, 181, 182, 183, 184, 185, 186, 187, 188, 189, 190, 192, 193, 194, 195, 198, 199, 201, 202, 203, 204, 205, 206, 208, 209, 211, 212, 213, 214, 215, 216, 219, 220, 222, 223, 224, 225, 227, 228, 229, 230, 231, 232, 233, 234, 235, 236, 238, 239, 241, 242, 243, 244, 245, 246, 247, 248, 249, 250, 251, 253, 274, 275, 277, 278, 279, 280, 282, 284, 285, 286, 288, 289, 290, 292, 293, 294, 295, 297, 298, 299, 300, 301, 303, 304, 306, 309, 312, 314, 315, 316, 319, 326, 331, 335, 336, 337, 338, 342, 343, 344, 346, 348, 349, 351, 352, 353, 354, 355, 356, 359, 361, 362, 363, 364, 365, 366, 367, 368, 369, 370, 371], "summary": {"covered_lines": 232, "num_statements": 232, "percent_covered": 100.0, "percent_covered_display": "100", "missing_lines": 0, "excluded_lines": 0, "percent_statements_covered": 100.0, "percent_statements_covered_display": "100"}, "missing_lines": [], "excluded_lines": [], "functions": {"SyncWorker.run": {"executed_lines": [21, 22, 24, 26, 27, 28, 29, 30, 31, 32, 33, 34, 35, 37, 38, 39, 43, 48, 49, 52, 53, 54, 56, 57, 58, 59, 60, 61], "summary": {"covered_lines": 28, "num_statements": 28, "percent_covered": 100.0, "percent_covered_display": "100", "missing_lines": 0, "excluded_lines": 0, "percent_statements_covered": 100.0, "percent_statements_covered_display": "100"}, "missing_lines": [], "excluded_lines": [], "start_line": 16}, "SyncWorker.handle_http": {"executed_lines": [65, 67], "summary": {"covered_lines": 2, "num_statements": 2, "percent_covered": 100.0, "percent_covered_display": "100", "missing_lines": 0, "excluded_lines": 0, "percent_statements_covered": 100.0, "percent_statements_covered_display": "100"}, "missing_lines": [], "excluded_lines": [], "start_line": 63}, "SyncWorker.handle_h2_request": {"executed_lines": [74, 75, 76, 77, 78, 79, 80, 81, 82, 83, 85, 105, 106, 107, 108, 109, 110, 112, 113, 115, 119, 120, 121, 122, 124, 125, 126, 128, 129, 130, 131, 133, 134, 135, 137, 139, 144, 148, 149, 150, 151, 152, 153, 154, 155], "summary": {"covered_lines": 45, "num_statements": 45, "percent_covered": 100.0, "percent_covered_display": "100", "missing_lines": 0, "excluded_lines": 0, "percent_statements_covered": 100.0, "percent_statements_covered_display": "100"}, "missing_lines": [], "excluded_lines": [], "start_line": 69}, "SyncWorker.handle_h2_request.start_response": {"executed_lines": [116, 117], "summary": {"covered_lines": 2, "num_statements": 2, "percent_covered": 100.0, "percent_covered_display": "100", "missing_lines": 0, "excluded_lines": 0, "percent_statements_covered": 100.0, "percent_statements_covered_display": "100"}, "missing_lines": [], "excluded_lines": [], "start_line": 115}, "SyncWorker.handle_uwsgi": {"executed_lines": [162, 163, 164], "summary": {"covered_lines": 3, "num_statements": 3, "percent_covered": 100.0, "percent_covered_display": "100", "missing_lines": 0, "excluded_lines": 0, "percent_statements_covered": 100.0, "percent_statements_covered_display": "100"}, "missing_lines": [], "excluded_lines": [], "start_line": 159}, "SyncWorker._cached_server_addr": {"executed_lines": [167, 168, 169, 170, 171, 172, 173, 174, 175], "summary": {"covered_lines": 9, "num_statements": 9, "percent_covered": 100.0, "percent_covered_display": "100", "missing_lines": 0, "excluded_lines": 0, "percent_statements_covered": 100.0, "percent_statements_covered_display": "100"}, "missing_lines": [], "excluded_lines": [], "start_line": 166}, "SyncWorker.build_wsgi_environ": {"executed_lines": [178, 179, 180, 181, 182, 183, 184, 185, 186, 187, 188, 189, 190, 192, 193, 194, 195, 198, 199, 201, 202, 208, 227, 238, 241, 253, 274, 275, 277, 278, 279, 280, 282], "summary": {"covered_lines": 33, "num_statements": 33, "percent_covered": 100.0, "percent_covered_display": "100", "missing_lines": 0, "excluded_lines": 0, "percent_statements_covered": 100.0, "percent_statements_covered_display": "100"}, "missing_lines": [], "excluded_lines": [], "start_line": 177}, "SyncWorker.build_wsgi_environ.WSGIInput.__init__": {"executed_lines": [203, 204, 205, 206], "summary": {"covered_lines": 4, "num_statements": 4, "percent_covered": 100.0, "percent_covered_display": "100", "missing_lines": 0, "excluded_lines": 0, "percent_statements_covered": 100.0, "percent_statements_covered_display": "100"}, "missing_lines": [], "excluded_lines": [], "start_line": 202}, "SyncWorker.build_wsgi_environ.WSGIInput.read": {"executed_lines": [209, 211, 212, 213, 214, 215, 216, 219, 220, 222, 223, 224, 225], "summary": {"covered_lines": 13, "num_statements": 13, "percent_covered": 100.0, "percent_covered_display": "100", "missing_lines": 0, "excluded_lines": 0, "percent_statements_covered": 100.0, "percent_statements_covered_display": "100"}, "missing_lines": [], "excluded_lines": [], "start_line": 208}, "SyncWorker.build_wsgi_environ.WSGIInput._read_from_sock": {"executed_lines": [228, 229, 230, 231, 232, 233, 234, 235, 236], "summary": {"covered_lines": 9, "num_statements": 9, "percent_covered": 100.0, "percent_covered_display": "100", "missing_lines": 0, "excluded_lines": 0, "percent_statements_covered": 100.0, "percent_statements_covered_display": "100"}, "missing_lines": [], "excluded_lines": [], "start_line": 227}, "SyncWorker.build_wsgi_environ.WSGIInput.readline": {"executed_lines": [239], "summary": {"covered_lines": 1, "num_statements": 1, "percent_covered": 100.0, "percent_covered_display": "100", "missing_lines": 0, "excluded_lines": 0, "percent_statements_covered": 100.0, "percent_statements_covered_display": "100"}, "missing_lines": [], "excluded_lines": [], "start_line": 238}, "SyncWorker.build_wsgi_environ.send_early_hints": {"executed_lines": [242, 243, 244, 245, 246, 247, 248, 249, 250, 251], "summary": {"covered_lines": 10, "num_statements": 10, "percent_covered": 100.0, "percent_covered_display": "100", "missing_lines": 0, "excluded_lines": 0, "percent_statements_covered": 100.0, "percent_statements_covered_display": "100"}, "missing_lines": [], "excluded_lines": [], "start_line": 241}, "SyncWorker.execute_wsgi": {"executed_lines": [285, 286, 288, 292, 293, 294, 295, 297, 298, 299, 300, 301, 303, 304, 306, 309, 312, 314, 315, 316, 319, 326, 331, 335, 336, 337, 338, 342, 343, 344], "summary": {"covered_lines": 30, "num_statements": 30, "percent_covered": 100.0, "percent_covered_display": "100", "missing_lines": 0, "excluded_lines": 0, "percent_statements_covered": 100.0, "percent_statements_covered_display": "100"}, "missing_lines": [], "excluded_lines": [], "start_line": 284}, "SyncWorker.execute_wsgi.start_response": {"executed_lines": [289, 290], "summary": {"covered_lines": 2, "num_statements": 2, "percent_covered": 100.0, "percent_covered_display": "100", "missing_lines": 0, "excluded_lines": 0, "percent_statements_covered": 100.0, "percent_statements_covered_display": "100"}, "missing_lines": [], "excluded_lines": [], "start_line": 288}, "SyncWorker._stream_wsgi_body": {"executed_lines": [348, 349, 351, 352, 353, 354, 355, 356, 359, 361, 362, 363, 364, 365, 366, 367, 368, 369, 370, 371], "summary": {"covered_lines": 20, "num_statements": 20, "percent_covered": 100.0, "percent_covered_display": "100", "missing_lines": 0, "excluded_lines": 0, "percent_statements_covered": 100.0, "percent_statements_covered_display": "100"}, "missing_lines": [], "excluded_lines": [], "start_line": 346}, "": {"executed_lines": [1, 2, 3, 4, 5, 6, 7, 8, 9, 10, 11, 12, 15, 16, 63, 69, 159, 166, 177, 284, 346], "summary": {"covered_lines": 21, "num_statements": 21, "percent_covered": 100.0, "percent_covered_display": "100", "missing_lines": 0, "excluded_lines": 0, "percent_statements_covered": 100.0, "percent_statements_covered_display": "100"}, "missing_lines": [], "excluded_lines": [], "start_line": 1}}, "classes": {"SyncWorker": {"executed_lines": [21, 22, 24, 26, 27, 28, 29, 30, 31, 32, 33, 34, 35, 37, 38, 39, 43, 48, 49, 52, 53, 54, 56, 57, 58, 59, 60, 61, 65, 67, 74, 75, 76, 77, 78, 79, 80, 81, 82, 83, 85, 105, 106, 107, 108, 109, 110, 112, 113, 115, 116, 117, 119, 120, 121, 122, 124, 125, 126, 128, 129, 130, 131, 133, 134, 135, 137, 139, 144, 148, 149, 150, 151, 152, 153, 154, 155, 162, 163, 164, 167, 168, 169, 170, 171, 172, 173, 174, 175, 178, 179, 180, 181, 182, 183, 184, 185, 186, 187, 188, 189, 190, 192, 193, 194, 195, 198, 199, 201, 202, 208, 227, 238, 241, 242, 243, 244, 245, 246, 247, 248, 249, 250, 251, 253, 274, 275, 277, 278, 279, 280, 282, 285, 286, 288, 289, 290, 292, 293, 294, 295, 297, 298, 299, 300, 301, 303, 304, 306, 309, 312, 314, 315, 316, 319, 326, 331, 335, 336, 337, 338, 342, 343, 344, 348, 349, 351, 352, 353, 354, 355, 356, 359, 361, 362, 363, 364, 365, 366, 367, 368, 369, 370, 371], "summary": {"covered_lines": 184, "num_statements": 184, "percent_covered": 100.0, "percent_covered_display": "100", "missing_lines": 0, "excluded_lines": 0, "percent_statements_covered": 100.0, "percent_statements_covered_display": "100"}, "missing_lines": [], "excluded_lines": [], "start_line": 15}, "SyncWorker.build_wsgi_environ.WSGIInput": {"executed_lines": [203, 204, 205, 206, 209, 211, 212, 213, 214, 215, 216, 219, 220, 222, 223, 224, 225, 228, 229, 230, 231, 232, 233, 234, 235, 236, 239], "summary": {"covered_lines": 27, "num_statements": 27, "percent_covered": 100.0, "percent_covered_display": "100", "missing_lines": 0, "excluded_lines": 0, "percent_statements_covered": 100.0, "percent_statements_covered_display": "100"}, "missing_lines": [], "excluded_lines": [], "start_line": 201}, "": {"executed_lines": [1, 2, 3, 4, 5, 6, 7, 8, 9, 10, 11, 12, 15, 16, 63, 69, 159, 166, 177, 284, 346], "summary": {"covered_lines": 21, "num_statements": 21, "percent_covered": 100.0, "percent_covered_display": "100", "missing_lines": 0, "excluded_lines": 0, "percent_statements_covered": 100.0, "percent_statements_covered_display": "100"}, "missing_lines": [], "excluded_lines": [], "start_line": 1}}}, "asteri/workers/tornado.py": {"executed_lines": [1, 2, 3, 4, 6, 7, 8, 9, 10, 12, 13, 14, 17, 18, 19, 20, 21, 23, 24, 25, 28, 33, 35, 36, 37, 38, 39, 40, 42, 45, 48, 49, 50, 51, 54, 55, 57, 58, 59, 61, 62, 63, 66, 67, 68, 71, 73, 74, 75, 77, 78, 81, 82, 83, 87, 89, 94, 97, 98, 100, 101, 102, 103, 104, 105, 106, 108, 109, 110, 114, 117, 118, 120, 121, 122, 125, 128, 132, 135, 138, 140, 141, 143, 146, 147, 148, 149, 150, 152, 153, 155, 156, 157, 158, 160], "summary": {"covered_lines": 95, "num_statements": 95, "percent_covered": 100.0, "percent_covered_display": "100", "missing_lines": 0, "excluded_lines": 0, "percent_statements_covered": 100.0, "percent_statements_covered_display": "100"}, "missing_lines": [], "excluded_lines": [], "functions": {"TornadoDashboardMiddleware.__init__": {"executed_lines": [19, 20, 21], "summary": {"covered_lines": 3, "num_statements": 3, "percent_covered": 100.0, "percent_covered_display": "100", "missing_lines": 0, "excluded_lines": 0, "percent_statements_covered": 100.0, "percent_statements_covered_display": "100"}, "missing_lines": [], "excluded_lines": [], "start_line": 18}, "TornadoDashboardMiddleware.__call__": {"executed_lines": [24, 25, 28, 33, 35, 36, 37, 38, 39, 40, 42, 45, 48, 49, 50, 51, 54, 55, 57, 58, 59, 61, 62, 63, 66, 67, 68, 71, 73, 77, 78, 81, 82, 83, 87, 89, 94, 97, 98, 100, 101, 102, 103, 104, 105, 106, 108, 109, 110], "summary": {"covered_lines": 49, "num_statements": 49, "percent_covered": 100.0, "percent_covered_display": "100", "missing_lines": 0, "excluded_lines": 0, "percent_statements_covered": 100.0, "percent_statements_covered_display": "100"}, "missing_lines": [], "excluded_lines": [], "start_line": 23}, "TornadoDashboardMiddleware.__call__.wrapped_start_response": {"executed_lines": [74, 75], "summary": {"covered_lines": 2, "num_statements": 2, "percent_covered": 100.0, "percent_covered_display": "100", "missing_lines": 0, "excluded_lines": 0, "percent_statements_covered": 100.0, "percent_statements_covered_display": "100"}, "missing_lines": [], "excluded_lines": [], "start_line": 73}, "TornadoWorker.__init__": {"executed_lines": [118], "summary": {"covered_lines": 1, "num_statements": 1, "percent_covered": 100.0, "percent_covered_display": "100", "missing_lines": 0, "excluded_lines": 0, "percent_statements_covered": 100.0, "percent_statements_covered_display": "100"}, "missing_lines": [], "excluded_lines": [], "start_line": 117}, "TornadoWorker.run": {"executed_lines": [121, 122, 125, 128, 132, 135, 138, 140, 141, 143, 146, 152, 153, 155, 156, 157, 158, 160], "summary": {"covered_lines": 18, "num_statements": 18, "percent_covered": 100.0, "percent_covered_display": "100", "missing_lines": 0, "excluded_lines": 0, "percent_statements_covered": 100.0, "percent_statements_covered_display": "100"}, "missing_lines": [], "excluded_lines": [], "start_line": 120}, "TornadoWorker.run.check_parent": {"executed_lines": [147, 148, 149, 150], "summary": {"covered_lines": 4, "num_statements": 4, "percent_covered": 100.0, "percent_covered_display": "100", "missing_lines": 0, "excluded_lines": 0, "percent_statements_covered": 100.0, "percent_statements_covered_display": "100"}, "missing_lines": [], "excluded_lines": [], "start_line": 146}, "": {"executed_lines": [1, 2, 3, 4, 6, 7, 8, 9, 10, 12, 13, 14, 17, 18, 23, 114, 117, 120], "summary": {"covered_lines": 18, "num_statements": 18, "percent_covered": 100.0, "percent_covered_display": "100", "missing_lines": 0, "excluded_lines": 0, "percent_statements_covered": 100.0, "percent_statements_covered_display": "100"}, "missing_lines": [], "excluded_lines": [], "start_line": 1}}, "classes": {"TornadoDashboardMiddleware": {"executed_lines": [19, 20, 21, 24, 25, 28, 33, 35, 36, 37, 38, 39, 40, 42, 45, 48, 49, 50, 51, 54, 55, 57, 58, 59, 61, 62, 63, 66, 67, 68, 71, 73, 74, 75, 77, 78, 81, 82, 83, 87, 89, 94, 97, 98, 100, 101, 102, 103, 104, 105, 106, 108, 109, 110], "summary": {"covered_lines": 54, "num_statements": 54, "percent_covered": 100.0, "percent_covered_display": "100", "missing_lines": 0, "excluded_lines": 0, "percent_statements_covered": 100.0, "percent_statements_covered_display": "100"}, "missing_lines": [], "excluded_lines": [], "start_line": 17}, "TornadoWorker": {"executed_lines": [118, 121, 122, 125, 128, 132, 135, 138, 140, 141, 143, 146, 147, 148, 149, 150, 152, 153, 155, 156, 157, 158, 160], "summary": {"covered_lines": 23, "num_statements": 23, "percent_covered": 100.0, "percent_covered_display": "100", "missing_lines": 0, "excluded_lines": 0, "percent_statements_covered": 100.0, "percent_statements_covered_display": "100"}, "missing_lines": [], "excluded_lines": [], "start_line": 114}, "": {"executed_lines": [1, 2, 3, 4, 6, 7, 8, 9, 10, 12, 13, 14, 17, 18, 23, 114, 117, 120], "summary": {"covered_lines": 18, "num_statements": 18, "percent_covered": 100.0, "percent_covered_display": "100", "missing_lines": 0, "excluded_lines": 0, "percent_statements_covered": 100.0, "percent_statements_covered_display": "100"}, "missing_lines": [], "excluded_lines": [], "start_line": 1}}}}, "totals": {"covered_lines": 2779, "num_statements": 2779, "percent_covered": 100.0, "percent_covered_display": "100", "missing_lines": 0, "excluded_lines": 0, "percent_statements_covered": 100.0, "percent_statements_covered_display": "100"}}